[debug] [2020-10-19T01:33:07.135Z] ----------------------------------------------------------------------
[debug] [2020-10-19T01:33:07.137Z] Command:       /usr/bin/node /usr/pnpm-global/4/node_modules/firebase-tools/lib/bin/firebase.js serve --only functions
[debug] [2020-10-19T01:33:07.137Z] CLI Version:   8.12.1
[debug] [2020-10-19T01:33:07.137Z] Platform:      linux
[debug] [2020-10-19T01:33:07.137Z] Node Version:  v12.19.0
[debug] [2020-10-19T01:33:07.138Z] Time:          Sun Oct 18 2020 21:33:07 GMT-0400 (Amazon Standard Time)
[debug] [2020-10-19T01:33:07.138Z] ----------------------------------------------------------------------
[debug] [2020-10-19T01:33:07.138Z] 
[debug] [2020-10-19T01:33:07.143Z] > command requires scopes: ["email","openid","https://www.googleapis.com/auth/cloudplatformprojects.readonly","https://www.googleapis.com/auth/firebase","https://www.googleapis.com/auth/cloud-platform"]
[debug] [2020-10-19T01:33:07.143Z] > authorizing via signed-in user
[debug] [2020-10-19T01:33:07.144Z] [iam] checking project firebase-vuejs-serverless for permissions ["firebase.projects.get"]
[debug] [2020-10-19T01:33:07.146Z] >>> HTTP REQUEST POST https://cloudresourcemanager.googleapis.com/v1/projects/firebase-vuejs-serverless:testIamPermissions  
 {"permissions":["firebase.projects.get"]}
[debug] [2020-10-19T01:33:08.049Z] <<< HTTP RESPONSE 200 {"content-type":"application/json; charset=UTF-8","vary":"X-Origin, Referer, Origin,Accept-Encoding","date":"Mon, 19 Oct 2020 01:33:07 GMT","server":"ESF","cache-control":"private","x-xss-protection":"0","x-frame-options":"SAMEORIGIN","x-content-type-options":"nosniff","server-timing":"gfet4t7; dur=727","alt-svc":"h3-Q050=\":443\"; ma=2592000,h3-29=\":443\"; ma=2592000,h3-27=\":443\"; ma=2592000,h3-T051=\":443\"; ma=2592000,h3-T050=\":443\"; ma=2592000,h3-Q046=\":443\"; ma=2592000,h3-Q043=\":443\"; ma=2592000,quic=\":443\"; ma=2592000; v=\"46,43\"","accept-ranges":"none","transfer-encoding":"chunked"}
[debug] [2020-10-19T01:33:08.051Z] >>> HTTP REQUEST GET https://firebase.googleapis.com/v1beta1/projects/firebase-vuejs-serverless  
 
[debug] [2020-10-19T01:33:09.073Z] <<< HTTP RESPONSE 200 {"content-type":"application/json; charset=UTF-8","vary":"X-Origin, Referer, Origin,Accept-Encoding","date":"Mon, 19 Oct 2020 01:33:08 GMT","server":"ESF","cache-control":"private","x-xss-protection":"0","x-frame-options":"SAMEORIGIN","x-content-type-options":"nosniff","alt-svc":"h3-Q050=\":443\"; ma=2592000,h3-29=\":443\"; ma=2592000,h3-27=\":443\"; ma=2592000,h3-T051=\":443\"; ma=2592000,h3-T050=\":443\"; ma=2592000,h3-Q046=\":443\"; ma=2592000,h3-Q043=\":443\"; ma=2592000,quic=\":443\"; ma=2592000; v=\"46,43\"","accept-ranges":"none","transfer-encoding":"chunked"}
[warn] ⚠  Your requested "node" version "10" doesn't match your global version "12" {"metadata":{"emulator":{"name":"functions"},"message":"Your requested \"node\" version \"10\" doesn't match your global version \"12\""}}
[debug] [2020-10-19T01:33:09.089Z] defaultcredentials: writing to file /home/pixel/.config/firebase/leandrovianacodes_gmail_com_application_default_credentials.json
[debug] [2020-10-19T01:33:09.092Z] Setting GAC to /home/pixel/.config/firebase/leandrovianacodes_gmail_com_application_default_credentials.json {"metadata":{"emulator":{"name":"functions"},"message":"Setting GAC to /home/pixel/.config/firebase/leandrovianacodes_gmail_com_application_default_credentials.json"}}
[info] i  functions: Watching "/home/pixel/Documents/lecture-vuejs-firebase-serverless/functions" for Cloud Functions... {"metadata":{"emulator":{"name":"functions"},"message":"Watching \"/home/pixel/Documents/lecture-vuejs-firebase-serverless/functions\" for Cloud Functions..."}}
[debug] [2020-10-19T01:33:09.112Z] [worker-pool] addWorker(~diagnostic~) {"metadata":{"emulator":{"name":"functions"},"message":"[worker-pool] addWorker(~diagnostic~)"}}
[debug] [2020-10-19T01:33:09.112Z] [worker-pool] Adding worker with key ~diagnostic~, total=1 {"metadata":{"emulator":{"name":"functions"},"message":"[worker-pool] Adding worker with key ~diagnostic~, total=1"}}
[debug] [2020-10-19T01:33:09.112Z] [worker-pool] submitWork(triggerId=) {"metadata":{"emulator":{"name":"functions"},"message":"[worker-pool] submitWork(triggerId=)"}}
[debug] [2020-10-19T01:33:09.113Z] [worker-~diagnostic~-e6817fd8-3e2e-4621-9d7e-c5b61367e8a8]: Assigning socketPath: /tmp/fire_emu_13174.sock {"metadata":{"emulator":{"name":"functions"},"message":"[worker-~diagnostic~-e6817fd8-3e2e-4621-9d7e-c5b61367e8a8]: Assigning socketPath: /tmp/fire_emu_13174.sock"}}
[debug] [2020-10-19T01:33:09.113Z] [worker-~diagnostic~-e6817fd8-3e2e-4621-9d7e-c5b61367e8a8]: BUSY {"metadata":{"emulator":{"name":"functions"},"message":"[worker-~diagnostic~-e6817fd8-3e2e-4621-9d7e-c5b61367e8a8]: BUSY"}}
[debug] [2020-10-19T01:33:09.343Z] [runtime-status] [13174] Functions runtime initialized. {"cwd":"/home/pixel/Documents/lecture-vuejs-firebase-serverless/functions","node_version":"12.19.0"} {"metadata":{"emulator":{"name":"functions"},"message":"[runtime-status] [13174] Functions runtime initialized. {\"cwd\":\"/home/pixel/Documents/lecture-vuejs-firebase-serverless/functions\",\"node_version\":\"12.19.0\"}"}}
[debug] [2020-10-19T01:33:09.347Z] [runtime-status] [13174] Disabled runtime features: undefined {"metadata":{"emulator":{"name":"functions"},"message":"[runtime-status] [13174] Disabled runtime features: undefined"}}
[debug] [2020-10-19T01:33:09.364Z] [runtime-status] [13174] Resolved module firebase-admin {"declared":true,"installed":true,"version":"8.13.0","resolution":"/home/pixel/Documents/lecture-vuejs-firebase-serverless/functions/node_modules/.pnpm/firebase-admin@8.13.0/node_modules/firebase-admin/lib/index.js"} {"metadata":{"emulator":{"name":"functions"},"message":"[runtime-status] [13174] Resolved module firebase-admin {\"declared\":true,\"installed\":true,\"version\":\"8.13.0\",\"resolution\":\"/home/pixel/Documents/lecture-vuejs-firebase-serverless/functions/node_modules/.pnpm/firebase-admin@8.13.0/node_modules/firebase-admin/lib/index.js\"}"}}
[debug] [2020-10-19T01:33:09.365Z] [runtime-status] [13174] Resolved module firebase-functions {"declared":true,"installed":true,"version":"3.11.0","resolution":"/home/pixel/Documents/lecture-vuejs-firebase-serverless/functions/node_modules/.pnpm/firebase-functions@3.11.0_firebase-admin@8.13.0/node_modules/firebase-functions/lib/index.js"} {"metadata":{"emulator":{"name":"functions"},"message":"[runtime-status] [13174] Resolved module firebase-functions {\"declared\":true,\"installed\":true,\"version\":\"3.11.0\",\"resolution\":\"/home/pixel/Documents/lecture-vuejs-firebase-serverless/functions/node_modules/.pnpm/firebase-functions@3.11.0_firebase-admin@8.13.0/node_modules/firebase-functions/lib/index.js\"}"}}
[debug] [2020-10-19T01:33:09.369Z] [runtime-status] [13174] Resolved module firebase-functions {"declared":true,"installed":true,"version":"3.11.0","resolution":"/home/pixel/Documents/lecture-vuejs-firebase-serverless/functions/node_modules/.pnpm/firebase-functions@3.11.0_firebase-admin@8.13.0/node_modules/firebase-functions/lib/index.js"} {"metadata":{"emulator":{"name":"functions"},"message":"[runtime-status] [13174] Resolved module firebase-functions {\"declared\":true,\"installed\":true,\"version\":\"3.11.0\",\"resolution\":\"/home/pixel/Documents/lecture-vuejs-firebase-serverless/functions/node_modules/.pnpm/firebase-functions@3.11.0_firebase-admin@8.13.0/node_modules/firebase-functions/lib/index.js\"}"}}
[debug] [2020-10-19T01:33:09.369Z] [runtime-status] [13174] Outgoing network have been stubbed. [{"name":"http","status":"mocked"},{"name":"http","status":"mocked"},{"name":"https","status":"mocked"},{"name":"https","status":"mocked"},{"name":"net","status":"mocked"}] {"metadata":{"emulator":{"name":"functions"},"message":"[runtime-status] [13174] Outgoing network have been stubbed. [{\"name\":\"http\",\"status\":\"mocked\"},{\"name\":\"http\",\"status\":\"mocked\"},{\"name\":\"https\",\"status\":\"mocked\"},{\"name\":\"https\",\"status\":\"mocked\"},{\"name\":\"net\",\"status\":\"mocked\"}]"}}
[debug] [2020-10-19T01:33:09.369Z] [runtime-status] [13174] Resolved module firebase-functions {"declared":true,"installed":true,"version":"3.11.0","resolution":"/home/pixel/Documents/lecture-vuejs-firebase-serverless/functions/node_modules/.pnpm/firebase-functions@3.11.0_firebase-admin@8.13.0/node_modules/firebase-functions/lib/index.js"} {"metadata":{"emulator":{"name":"functions"},"message":"[runtime-status] [13174] Resolved module firebase-functions {\"declared\":true,\"installed\":true,\"version\":\"3.11.0\",\"resolution\":\"/home/pixel/Documents/lecture-vuejs-firebase-serverless/functions/node_modules/.pnpm/firebase-functions@3.11.0_firebase-admin@8.13.0/node_modules/firebase-functions/lib/index.js\"}"}}
[debug] [2020-10-19T01:33:09.396Z] [runtime-status] [13174] Checked functions.config() {"config":{}} {"metadata":{"emulator":{"name":"functions"},"message":"[runtime-status] [13174] Checked functions.config() {\"config\":{}}"}}
[debug] [2020-10-19T01:33:09.396Z] [runtime-status] [13174] firebase-functions has been stubbed. {"functionsResolution":{"declared":true,"installed":true,"version":"3.11.0","resolution":"/home/pixel/Documents/lecture-vuejs-firebase-serverless/functions/node_modules/.pnpm/firebase-functions@3.11.0_firebase-admin@8.13.0/node_modules/firebase-functions/lib/index.js"}} {"metadata":{"emulator":{"name":"functions"},"message":"[runtime-status] [13174] firebase-functions has been stubbed. {\"functionsResolution\":{\"declared\":true,\"installed\":true,\"version\":\"3.11.0\",\"resolution\":\"/home/pixel/Documents/lecture-vuejs-firebase-serverless/functions/node_modules/.pnpm/firebase-functions@3.11.0_firebase-admin@8.13.0/node_modules/firebase-functions/lib/index.js\"}}"}}
[debug] [2020-10-19T01:33:09.397Z] [runtime-status] [13174] Resolved module firebase-functions {"declared":true,"installed":true,"version":"3.11.0","resolution":"/home/pixel/Documents/lecture-vuejs-firebase-serverless/functions/node_modules/.pnpm/firebase-functions@3.11.0_firebase-admin@8.13.0/node_modules/firebase-functions/lib/index.js"} {"metadata":{"emulator":{"name":"functions"},"message":"[runtime-status] [13174] Resolved module firebase-functions {\"declared\":true,\"installed\":true,\"version\":\"3.11.0\",\"resolution\":\"/home/pixel/Documents/lecture-vuejs-firebase-serverless/functions/node_modules/.pnpm/firebase-functions@3.11.0_firebase-admin@8.13.0/node_modules/firebase-functions/lib/index.js\"}"}}
[debug] [2020-10-19T01:33:09.397Z] [runtime-status] [13174] Resolved module firebase-admin {"declared":true,"installed":true,"version":"8.13.0","resolution":"/home/pixel/Documents/lecture-vuejs-firebase-serverless/functions/node_modules/.pnpm/firebase-admin@8.13.0/node_modules/firebase-admin/lib/index.js"} {"metadata":{"emulator":{"name":"functions"},"message":"[runtime-status] [13174] Resolved module firebase-admin {\"declared\":true,\"installed\":true,\"version\":\"8.13.0\",\"resolution\":\"/home/pixel/Documents/lecture-vuejs-firebase-serverless/functions/node_modules/.pnpm/firebase-admin@8.13.0/node_modules/firebase-admin/lib/index.js\"}"}}
[debug] [2020-10-19T01:33:09.398Z] [runtime-status] [13174] Resolved module firebase-functions {"declared":true,"installed":true,"version":"3.11.0","resolution":"/home/pixel/Documents/lecture-vuejs-firebase-serverless/functions/node_modules/.pnpm/firebase-functions@3.11.0_firebase-admin@8.13.0/node_modules/firebase-functions/lib/index.js"} {"metadata":{"emulator":{"name":"functions"},"message":"[runtime-status] [13174] Resolved module firebase-functions {\"declared\":true,\"installed\":true,\"version\":\"3.11.0\",\"resolution\":\"/home/pixel/Documents/lecture-vuejs-firebase-serverless/functions/node_modules/.pnpm/firebase-functions@3.11.0_firebase-admin@8.13.0/node_modules/firebase-functions/lib/index.js\"}"}}
[debug] [2020-10-19T01:33:09.399Z] [runtime-status] [13174] firebase-admin has been stubbed. {"adminResolution":{"declared":true,"installed":true,"version":"8.13.0","resolution":"/home/pixel/Documents/lecture-vuejs-firebase-serverless/functions/node_modules/.pnpm/firebase-admin@8.13.0/node_modules/firebase-admin/lib/index.js"}} {"metadata":{"emulator":{"name":"functions"},"message":"[runtime-status] [13174] firebase-admin has been stubbed. {\"adminResolution\":{\"declared\":true,\"installed\":true,\"version\":\"8.13.0\",\"resolution\":\"/home/pixel/Documents/lecture-vuejs-firebase-serverless/functions/node_modules/.pnpm/firebase-admin@8.13.0/node_modules/firebase-admin/lib/index.js\"}}"}}
[warn] ⚠  It looks like you're trying to access functions.config().firebase but there is no value there. You can learn more about setting up config here: https://firebase.google.com/docs/functions/local-emulator {"metadata":{"emulator":{"name":"functions"},"message":"It looks like you're trying to access functions.config().firebase but there is no value there. You can learn more about setting up config here: https://firebase.google.com/docs/functions/local-emulator"}}
[debug] [2020-10-19T01:33:09.452Z] [runtime-status] [13174] initializeApp(DEFAULT) {"databaseURL":"https://firebase-vuejs-serverless.firebaseio.com","storageBucket":"firebase-vuejs-serverless.appspot.com","projectId":"firebase-vuejs-serverless"} {"metadata":{"emulator":{"name":"functions"},"message":"[runtime-status] [13174] initializeApp(DEFAULT) {\"databaseURL\":\"https://firebase-vuejs-serverless.firebaseio.com\",\"storageBucket\":\"firebase-vuejs-serverless.appspot.com\",\"projectId\":\"firebase-vuejs-serverless\"}"}}
[warn] ⚠  functions: The Cloud Firestore emulator is not running, so calls to Firestore will affect production. {"metadata":{"emulator":{"name":"functions"},"message":"The Cloud Firestore emulator is not running, so calls to Firestore will affect production."}}
[info] ✔  functions[api]: http function initialized (http://localhost:5000/firebase-vuejs-serverless/us-central1/api). {"metadata":{"emulator":{"name":"functions"},"message":"\u001b[1mhttp\u001b[22m function initialized (http://localhost:5000/firebase-vuejs-serverless/us-central1/api)."}}
[debug] [2020-10-19T01:33:09.626Z] [worker-~diagnostic~-e6817fd8-3e2e-4621-9d7e-c5b61367e8a8]: IDLE {"metadata":{"emulator":{"name":"functions"},"message":"[worker-~diagnostic~-e6817fd8-3e2e-4621-9d7e-c5b61367e8a8]: IDLE"}}
[debug] [2020-10-19T01:33:13.850Z] [work-queue] {"queueLength":1,"workRunningCount":0}
[debug] [2020-10-19T01:33:13.850Z] [work-queue] {"queueLength":0,"workRunningCount":1}
[debug] [2020-10-19T01:33:13.851Z] Accepted request GET /firebase-vuejs-serverless/us-central1/api/products --> api
[debug] [2020-10-19T01:33:13.896Z] [worker-pool] addWorker(api) {"metadata":{"emulator":{"name":"functions"},"message":"[worker-pool] addWorker(api)"}}
[debug] [2020-10-19T01:33:13.897Z] [worker-pool] Adding worker with key api, total=1 {"metadata":{"emulator":{"name":"functions"},"message":"[worker-pool] Adding worker with key api, total=1"}}
[debug] [2020-10-19T01:33:13.897Z] [worker-pool] submitWork(triggerId=api) {"metadata":{"emulator":{"name":"functions"},"message":"[worker-pool] submitWork(triggerId=api)"}}
[debug] [2020-10-19T01:33:13.897Z] [worker-api-f3633dab-5f17-4964-8f86-9df4ffacd97f]: Assigning socketPath: /tmp/fire_emu_13184.sock {"metadata":{"emulator":{"name":"functions"},"message":"[worker-api-f3633dab-5f17-4964-8f86-9df4ffacd97f]: Assigning socketPath: /tmp/fire_emu_13184.sock"}}
[debug] [2020-10-19T01:33:13.897Z] [worker-api-f3633dab-5f17-4964-8f86-9df4ffacd97f]: BUSY {"metadata":{"emulator":{"name":"functions"},"message":"[worker-api-f3633dab-5f17-4964-8f86-9df4ffacd97f]: BUSY"}}
[debug] [2020-10-19T01:33:14.224Z] [runtime-status] [13184] Functions runtime initialized. {"cwd":"/home/pixel/Documents/lecture-vuejs-firebase-serverless/functions","node_version":"12.19.0"} {"metadata":{"emulator":{"name":"functions"},"function":{"name":"api"},"message":"[runtime-status] [13184] Functions runtime initialized. {\"cwd\":\"/home/pixel/Documents/lecture-vuejs-firebase-serverless/functions\",\"node_version\":\"12.19.0\"}"}}
[debug] [2020-10-19T01:33:14.230Z] [runtime-status] [13184] Disabled runtime features: undefined {"metadata":{"emulator":{"name":"functions"},"function":{"name":"api"},"message":"[runtime-status] [13184] Disabled runtime features: undefined"}}
[debug] [2020-10-19T01:33:14.236Z] [runtime-status] [13184] Resolved module firebase-admin {"declared":true,"installed":true,"version":"8.13.0","resolution":"/home/pixel/Documents/lecture-vuejs-firebase-serverless/functions/node_modules/.pnpm/firebase-admin@8.13.0/node_modules/firebase-admin/lib/index.js"} {"metadata":{"emulator":{"name":"functions"},"function":{"name":"api"},"message":"[runtime-status] [13184] Resolved module firebase-admin {\"declared\":true,\"installed\":true,\"version\":\"8.13.0\",\"resolution\":\"/home/pixel/Documents/lecture-vuejs-firebase-serverless/functions/node_modules/.pnpm/firebase-admin@8.13.0/node_modules/firebase-admin/lib/index.js\"}"}}
[debug] [2020-10-19T01:33:14.236Z] [runtime-status] [13184] Resolved module firebase-functions {"declared":true,"installed":true,"version":"3.11.0","resolution":"/home/pixel/Documents/lecture-vuejs-firebase-serverless/functions/node_modules/.pnpm/firebase-functions@3.11.0_firebase-admin@8.13.0/node_modules/firebase-functions/lib/index.js"} {"metadata":{"emulator":{"name":"functions"},"function":{"name":"api"},"message":"[runtime-status] [13184] Resolved module firebase-functions {\"declared\":true,\"installed\":true,\"version\":\"3.11.0\",\"resolution\":\"/home/pixel/Documents/lecture-vuejs-firebase-serverless/functions/node_modules/.pnpm/firebase-functions@3.11.0_firebase-admin@8.13.0/node_modules/firebase-functions/lib/index.js\"}"}}
[debug] [2020-10-19T01:33:14.239Z] [runtime-status] [13184] Resolved module firebase-functions {"declared":true,"installed":true,"version":"3.11.0","resolution":"/home/pixel/Documents/lecture-vuejs-firebase-serverless/functions/node_modules/.pnpm/firebase-functions@3.11.0_firebase-admin@8.13.0/node_modules/firebase-functions/lib/index.js"} {"metadata":{"emulator":{"name":"functions"},"function":{"name":"api"},"message":"[runtime-status] [13184] Resolved module firebase-functions {\"declared\":true,\"installed\":true,\"version\":\"3.11.0\",\"resolution\":\"/home/pixel/Documents/lecture-vuejs-firebase-serverless/functions/node_modules/.pnpm/firebase-functions@3.11.0_firebase-admin@8.13.0/node_modules/firebase-functions/lib/index.js\"}"}}
[debug] [2020-10-19T01:33:14.239Z] [runtime-status] [13184] Outgoing network have been stubbed. [{"name":"http","status":"mocked"},{"name":"http","status":"mocked"},{"name":"https","status":"mocked"},{"name":"https","status":"mocked"},{"name":"net","status":"mocked"}] {"metadata":{"emulator":{"name":"functions"},"function":{"name":"api"},"message":"[runtime-status] [13184] Outgoing network have been stubbed. [{\"name\":\"http\",\"status\":\"mocked\"},{\"name\":\"http\",\"status\":\"mocked\"},{\"name\":\"https\",\"status\":\"mocked\"},{\"name\":\"https\",\"status\":\"mocked\"},{\"name\":\"net\",\"status\":\"mocked\"}]"}}
[debug] [2020-10-19T01:33:14.240Z] [runtime-status] [13184] Resolved module firebase-functions {"declared":true,"installed":true,"version":"3.11.0","resolution":"/home/pixel/Documents/lecture-vuejs-firebase-serverless/functions/node_modules/.pnpm/firebase-functions@3.11.0_firebase-admin@8.13.0/node_modules/firebase-functions/lib/index.js"} {"metadata":{"emulator":{"name":"functions"},"function":{"name":"api"},"message":"[runtime-status] [13184] Resolved module firebase-functions {\"declared\":true,\"installed\":true,\"version\":\"3.11.0\",\"resolution\":\"/home/pixel/Documents/lecture-vuejs-firebase-serverless/functions/node_modules/.pnpm/firebase-functions@3.11.0_firebase-admin@8.13.0/node_modules/firebase-functions/lib/index.js\"}"}}
[debug] [2020-10-19T01:33:14.270Z] [runtime-status] [13184] Checked functions.config() {"config":{}} {"metadata":{"emulator":{"name":"functions"},"function":{"name":"api"},"message":"[runtime-status] [13184] Checked functions.config() {\"config\":{}}"}}
[debug] [2020-10-19T01:33:14.271Z] [runtime-status] [13184] firebase-functions has been stubbed. {"functionsResolution":{"declared":true,"installed":true,"version":"3.11.0","resolution":"/home/pixel/Documents/lecture-vuejs-firebase-serverless/functions/node_modules/.pnpm/firebase-functions@3.11.0_firebase-admin@8.13.0/node_modules/firebase-functions/lib/index.js"}} {"metadata":{"emulator":{"name":"functions"},"function":{"name":"api"},"message":"[runtime-status] [13184] firebase-functions has been stubbed. {\"functionsResolution\":{\"declared\":true,\"installed\":true,\"version\":\"3.11.0\",\"resolution\":\"/home/pixel/Documents/lecture-vuejs-firebase-serverless/functions/node_modules/.pnpm/firebase-functions@3.11.0_firebase-admin@8.13.0/node_modules/firebase-functions/lib/index.js\"}}"}}
[debug] [2020-10-19T01:33:14.271Z] [runtime-status] [13184] Resolved module firebase-functions {"declared":true,"installed":true,"version":"3.11.0","resolution":"/home/pixel/Documents/lecture-vuejs-firebase-serverless/functions/node_modules/.pnpm/firebase-functions@3.11.0_firebase-admin@8.13.0/node_modules/firebase-functions/lib/index.js"} {"metadata":{"emulator":{"name":"functions"},"function":{"name":"api"},"message":"[runtime-status] [13184] Resolved module firebase-functions {\"declared\":true,\"installed\":true,\"version\":\"3.11.0\",\"resolution\":\"/home/pixel/Documents/lecture-vuejs-firebase-serverless/functions/node_modules/.pnpm/firebase-functions@3.11.0_firebase-admin@8.13.0/node_modules/firebase-functions/lib/index.js\"}"}}
[debug] [2020-10-19T01:33:14.272Z] [runtime-status] [13184] Resolved module firebase-admin {"declared":true,"installed":true,"version":"8.13.0","resolution":"/home/pixel/Documents/lecture-vuejs-firebase-serverless/functions/node_modules/.pnpm/firebase-admin@8.13.0/node_modules/firebase-admin/lib/index.js"} {"metadata":{"emulator":{"name":"functions"},"function":{"name":"api"},"message":"[runtime-status] [13184] Resolved module firebase-admin {\"declared\":true,\"installed\":true,\"version\":\"8.13.0\",\"resolution\":\"/home/pixel/Documents/lecture-vuejs-firebase-serverless/functions/node_modules/.pnpm/firebase-admin@8.13.0/node_modules/firebase-admin/lib/index.js\"}"}}
[debug] [2020-10-19T01:33:14.272Z] [runtime-status] [13184] Resolved module firebase-functions {"declared":true,"installed":true,"version":"3.11.0","resolution":"/home/pixel/Documents/lecture-vuejs-firebase-serverless/functions/node_modules/.pnpm/firebase-functions@3.11.0_firebase-admin@8.13.0/node_modules/firebase-functions/lib/index.js"} {"metadata":{"emulator":{"name":"functions"},"function":{"name":"api"},"message":"[runtime-status] [13184] Resolved module firebase-functions {\"declared\":true,\"installed\":true,\"version\":\"3.11.0\",\"resolution\":\"/home/pixel/Documents/lecture-vuejs-firebase-serverless/functions/node_modules/.pnpm/firebase-functions@3.11.0_firebase-admin@8.13.0/node_modules/firebase-functions/lib/index.js\"}"}}
[debug] [2020-10-19T01:33:14.273Z] [runtime-status] [13184] firebase-admin has been stubbed. {"adminResolution":{"declared":true,"installed":true,"version":"8.13.0","resolution":"/home/pixel/Documents/lecture-vuejs-firebase-serverless/functions/node_modules/.pnpm/firebase-admin@8.13.0/node_modules/firebase-admin/lib/index.js"}} {"metadata":{"emulator":{"name":"functions"},"function":{"name":"api"},"message":"[runtime-status] [13184] firebase-admin has been stubbed. {\"adminResolution\":{\"declared\":true,\"installed\":true,\"version\":\"8.13.0\",\"resolution\":\"/home/pixel/Documents/lecture-vuejs-firebase-serverless/functions/node_modules/.pnpm/firebase-admin@8.13.0/node_modules/firebase-admin/lib/index.js\"}}"}}
[debug] [2020-10-19T01:33:14.339Z] [runtime-status] [13184] initializeApp(DEFAULT) {"databaseURL":"https://firebase-vuejs-serverless.firebaseio.com","storageBucket":"firebase-vuejs-serverless.appspot.com","projectId":"firebase-vuejs-serverless"} {"metadata":{"emulator":{"name":"functions"},"function":{"name":"api"},"message":"[runtime-status] [13184] initializeApp(DEFAULT) {\"databaseURL\":\"https://firebase-vuejs-serverless.firebaseio.com\",\"storageBucket\":\"firebase-vuejs-serverless.appspot.com\",\"projectId\":\"firebase-vuejs-serverless\"}"}}
[warn] ⚠  functions: The Cloud Firestore emulator is not running, so calls to Firestore will affect production. {"metadata":{"emulator":{"name":"functions"},"function":{"name":"api"},"message":"The Cloud Firestore emulator is not running, so calls to Firestore will affect production."}}
[debug] [2020-10-19T01:33:14.541Z] [runtime-status] [13184] Trigger "api" has been found, beginning invocation! {"metadata":{"emulator":{"name":"functions"},"function":{"name":"api"},"message":"[runtime-status] [13184] Trigger \"api\" has been found, beginning invocation!"}}
[info] i  functions: Beginning execution of "api" {"metadata":{"emulator":{"name":"functions"},"function":{"name":"api"},"message":"Beginning execution of \"api\""}}
[debug] [2020-10-19T01:33:14.543Z] [runtime-status] [13184] triggerDefinition {"httpsTrigger":{},"name":"api","entryPoint":"api"} {"metadata":{"emulator":{"name":"functions"},"function":{"name":"api"},"message":"[runtime-status] [13184] triggerDefinition {\"httpsTrigger\":{},\"name\":\"api\",\"entryPoint\":\"api\"}"}}
[debug] [2020-10-19T01:33:14.543Z] [runtime-status] [13184] Running api in mode HTTPS {"metadata":{"emulator":{"name":"functions"},"function":{"name":"api"},"message":"[runtime-status] [13184] Running api in mode HTTPS"}}
[debug] [2020-10-19T01:33:14.546Z] [runtime-status] [13184] Attempting to listen to socketPath: /tmp/fire_emu_13184.sock {"metadata":{"emulator":{"name":"functions"},"function":{"name":"api"},"message":"[runtime-status] [13184] Attempting to listen to socketPath: /tmp/fire_emu_13184.sock"}}
[debug] [2020-10-19T01:33:14.549Z] [functions] Runtime ready! Sending request! {"metadata":{"emulator":{"name":"functions"},"message":"[functions] Runtime ready! Sending request!"}}
[debug] [2020-10-19T01:33:14.555Z] [runtime-status] [13184] Ephemeral server handling GET request {"metadata":{"emulator":{"name":"functions"},"function":{"name":"api"},"message":"[runtime-status] [13184] Ephemeral server handling GET request"}}
[debug] [2020-10-19T01:33:14.563Z] [runtime-status] [13184] Ephemeral server survived. {"metadata":{"emulator":{"name":"functions"},"function":{"name":"api"},"message":"[runtime-status] [13184] Ephemeral server survived."}}
[warn] ⚠  Google API requested!
   - URL: "https://oauth2.googleapis.com/token"
   - Be careful, this may be a production service. {"metadata":{"emulator":{"name":"functions"},"function":{"name":"api"},"message":"Google API requested!\n   - URL: \"https://oauth2.googleapis.com/token\"\n   - Be careful, this may be a production service."}}
[info] i  functions: Finished "api" in ~1s {"metadata":{"emulator":{"name":"functions"},"function":{"name":"api"},"message":"Finished \"api\" in ~1s"}}
[debug] [2020-10-19T01:33:15.515Z] [worker-api-f3633dab-5f17-4964-8f86-9df4ffacd97f]: IDLE {"metadata":{"emulator":{"name":"functions"},"message":"[worker-api-f3633dab-5f17-4964-8f86-9df4ffacd97f]: IDLE"}}
[debug] [2020-10-19T01:33:15.516Z] [work-queue] {"queueLength":0,"workRunningCount":0}
[debug] [2020-10-19T01:36:34.093Z] [work-queue] {"queueLength":1,"workRunningCount":0}
[debug] [2020-10-19T01:36:34.093Z] [work-queue] {"queueLength":0,"workRunningCount":1}
[debug] [2020-10-19T01:36:34.093Z] Accepted request GET /firebase-vuejs-serverless/us-central1/api/products --> api
[debug] [2020-10-19T01:36:34.093Z] [worker-pool] submitWork(triggerId=api) {"metadata":{"emulator":{"name":"functions"},"message":"[worker-pool] submitWork(triggerId=api)"}}
[debug] [2020-10-19T01:36:34.093Z] [worker-api-f3633dab-5f17-4964-8f86-9df4ffacd97f]: Assigning socketPath: /tmp/fire_emu_13184.sock {"metadata":{"emulator":{"name":"functions"},"message":"[worker-api-f3633dab-5f17-4964-8f86-9df4ffacd97f]: Assigning socketPath: /tmp/fire_emu_13184.sock"}}
[debug] [2020-10-19T01:36:34.094Z] [worker-api-f3633dab-5f17-4964-8f86-9df4ffacd97f]: BUSY {"metadata":{"emulator":{"name":"functions"},"message":"[worker-api-f3633dab-5f17-4964-8f86-9df4ffacd97f]: BUSY"}}
[debug] [2020-10-19T01:36:34.095Z] [runtime-status] [13184] Trigger "api" has been found, beginning invocation! {"metadata":{"emulator":{"name":"functions"},"function":{"name":"api"},"message":"[runtime-status] [13184] Trigger \"api\" has been found, beginning invocation!"}}
[info] i  functions: Beginning execution of "api" {"metadata":{"emulator":{"name":"functions"},"function":{"name":"api"},"message":"Beginning execution of \"api\""}}
[debug] [2020-10-19T01:36:34.096Z] [runtime-status] [13184] triggerDefinition {"httpsTrigger":{},"name":"api","entryPoint":"api"} {"metadata":{"emulator":{"name":"functions"},"function":{"name":"api"},"message":"[runtime-status] [13184] triggerDefinition {\"httpsTrigger\":{},\"name\":\"api\",\"entryPoint\":\"api\"}"}}
[debug] [2020-10-19T01:36:34.097Z] [runtime-status] [13184] Running api in mode HTTPS {"metadata":{"emulator":{"name":"functions"},"function":{"name":"api"},"message":"[runtime-status] [13184] Running api in mode HTTPS"}}
[debug] [2020-10-19T01:36:34.097Z] [runtime-status] [13184] Attempting to listen to socketPath: /tmp/fire_emu_13184.sock {"metadata":{"emulator":{"name":"functions"},"function":{"name":"api"},"message":"[runtime-status] [13184] Attempting to listen to socketPath: /tmp/fire_emu_13184.sock"}}
[debug] [2020-10-19T01:36:34.099Z] [functions] Runtime ready! Sending request! {"metadata":{"emulator":{"name":"functions"},"message":"[functions] Runtime ready! Sending request!"}}
[debug] [2020-10-19T01:36:34.103Z] [runtime-status] [13184] Ephemeral server handling GET request {"metadata":{"emulator":{"name":"functions"},"function":{"name":"api"},"message":"[runtime-status] [13184] Ephemeral server handling GET request"}}
[debug] [2020-10-19T01:36:34.104Z] [runtime-status] [13184] Ephemeral server survived. {"metadata":{"emulator":{"name":"functions"},"function":{"name":"api"},"message":"[runtime-status] [13184] Ephemeral server survived."}}
[info] i  functions: Finished "api" in ~1s {"metadata":{"emulator":{"name":"functions"},"function":{"name":"api"},"message":"Finished \"api\" in ~1s"}}
[debug] [2020-10-19T01:36:34.318Z] [worker-api-f3633dab-5f17-4964-8f86-9df4ffacd97f]: IDLE {"metadata":{"emulator":{"name":"functions"},"message":"[worker-api-f3633dab-5f17-4964-8f86-9df4ffacd97f]: IDLE"}}
[debug] [2020-10-19T01:36:34.319Z] [work-queue] {"queueLength":0,"workRunningCount":0}
[debug] [2020-10-19T01:36:55.270Z] [work-queue] {"queueLength":1,"workRunningCount":0}
[debug] [2020-10-19T01:36:55.270Z] [work-queue] {"queueLength":0,"workRunningCount":1}
[debug] [2020-10-19T01:36:55.271Z] Accepted request GET /firebase-vuejs-serverless/us-central1/api/products --> api
[debug] [2020-10-19T01:36:55.271Z] [worker-pool] submitWork(triggerId=api) {"metadata":{"emulator":{"name":"functions"},"message":"[worker-pool] submitWork(triggerId=api)"}}
[debug] [2020-10-19T01:36:55.271Z] [worker-api-f3633dab-5f17-4964-8f86-9df4ffacd97f]: Assigning socketPath: /tmp/fire_emu_13184.sock {"metadata":{"emulator":{"name":"functions"},"message":"[worker-api-f3633dab-5f17-4964-8f86-9df4ffacd97f]: Assigning socketPath: /tmp/fire_emu_13184.sock"}}
[debug] [2020-10-19T01:36:55.271Z] [worker-api-f3633dab-5f17-4964-8f86-9df4ffacd97f]: BUSY {"metadata":{"emulator":{"name":"functions"},"message":"[worker-api-f3633dab-5f17-4964-8f86-9df4ffacd97f]: BUSY"}}
[debug] [2020-10-19T01:36:55.273Z] [runtime-status] [13184] Trigger "api" has been found, beginning invocation! {"metadata":{"emulator":{"name":"functions"},"function":{"name":"api"},"message":"[runtime-status] [13184] Trigger \"api\" has been found, beginning invocation!"}}
[info] i  functions: Beginning execution of "api" {"metadata":{"emulator":{"name":"functions"},"function":{"name":"api"},"message":"Beginning execution of \"api\""}}
[debug] [2020-10-19T01:36:55.275Z] [runtime-status] [13184] triggerDefinition {"httpsTrigger":{},"name":"api","entryPoint":"api"} {"metadata":{"emulator":{"name":"functions"},"function":{"name":"api"},"message":"[runtime-status] [13184] triggerDefinition {\"httpsTrigger\":{},\"name\":\"api\",\"entryPoint\":\"api\"}"}}
[debug] [2020-10-19T01:36:55.275Z] [runtime-status] [13184] Running api in mode HTTPS {"metadata":{"emulator":{"name":"functions"},"function":{"name":"api"},"message":"[runtime-status] [13184] Running api in mode HTTPS"}}
[debug] [2020-10-19T01:36:55.275Z] [runtime-status] [13184] Attempting to listen to socketPath: /tmp/fire_emu_13184.sock {"metadata":{"emulator":{"name":"functions"},"function":{"name":"api"},"message":"[runtime-status] [13184] Attempting to listen to socketPath: /tmp/fire_emu_13184.sock"}}
[debug] [2020-10-19T01:36:55.275Z] [functions] Runtime ready! Sending request! {"metadata":{"emulator":{"name":"functions"},"message":"[functions] Runtime ready! Sending request!"}}
[debug] [2020-10-19T01:36:55.281Z] [runtime-status] [13184] Ephemeral server handling GET request {"metadata":{"emulator":{"name":"functions"},"function":{"name":"api"},"message":"[runtime-status] [13184] Ephemeral server handling GET request"}}
[debug] [2020-10-19T01:36:55.283Z] [runtime-status] [13184] Ephemeral server survived. {"metadata":{"emulator":{"name":"functions"},"function":{"name":"api"},"message":"[runtime-status] [13184] Ephemeral server survived."}}
[info] i  functions: Finished "api" in ~1s {"metadata":{"emulator":{"name":"functions"},"function":{"name":"api"},"message":"Finished \"api\" in ~1s"}}
[debug] [2020-10-19T01:36:55.442Z] [worker-api-f3633dab-5f17-4964-8f86-9df4ffacd97f]: IDLE {"metadata":{"emulator":{"name":"functions"},"message":"[worker-api-f3633dab-5f17-4964-8f86-9df4ffacd97f]: IDLE"}}
[debug] [2020-10-19T01:36:55.442Z] [work-queue] {"queueLength":0,"workRunningCount":0}
[debug] [2020-10-19T01:36:55.444Z] [work-queue] {"queueLength":1,"workRunningCount":0}
[debug] [2020-10-19T01:36:55.445Z] [work-queue] {"queueLength":0,"workRunningCount":1}
[debug] [2020-10-19T01:36:55.445Z] Accepted request GET /firebase-vuejs-serverless/us-central1/api/products --> api
[debug] [2020-10-19T01:36:55.445Z] [worker-pool] submitWork(triggerId=api) {"metadata":{"emulator":{"name":"functions"},"message":"[worker-pool] submitWork(triggerId=api)"}}
[debug] [2020-10-19T01:36:55.445Z] [worker-api-f3633dab-5f17-4964-8f86-9df4ffacd97f]: Assigning socketPath: /tmp/fire_emu_13184.sock {"metadata":{"emulator":{"name":"functions"},"message":"[worker-api-f3633dab-5f17-4964-8f86-9df4ffacd97f]: Assigning socketPath: /tmp/fire_emu_13184.sock"}}
[debug] [2020-10-19T01:36:55.445Z] [worker-api-f3633dab-5f17-4964-8f86-9df4ffacd97f]: BUSY {"metadata":{"emulator":{"name":"functions"},"message":"[worker-api-f3633dab-5f17-4964-8f86-9df4ffacd97f]: BUSY"}}
[debug] [2020-10-19T01:36:55.453Z] [runtime-status] [13184] Trigger "api" has been found, beginning invocation! {"metadata":{"emulator":{"name":"functions"},"function":{"name":"api"},"message":"[runtime-status] [13184] Trigger \"api\" has been found, beginning invocation!"}}
[info] i  functions: Beginning execution of "api" {"metadata":{"emulator":{"name":"functions"},"function":{"name":"api"},"message":"Beginning execution of \"api\""}}
[debug] [2020-10-19T01:36:55.453Z] [runtime-status] [13184] triggerDefinition {"httpsTrigger":{},"name":"api","entryPoint":"api"} {"metadata":{"emulator":{"name":"functions"},"function":{"name":"api"},"message":"[runtime-status] [13184] triggerDefinition {\"httpsTrigger\":{},\"name\":\"api\",\"entryPoint\":\"api\"}"}}
[debug] [2020-10-19T01:36:55.454Z] [runtime-status] [13184] Running api in mode HTTPS {"metadata":{"emulator":{"name":"functions"},"function":{"name":"api"},"message":"[runtime-status] [13184] Running api in mode HTTPS"}}
[debug] [2020-10-19T01:36:55.454Z] [runtime-status] [13184] Attempting to listen to socketPath: /tmp/fire_emu_13184.sock {"metadata":{"emulator":{"name":"functions"},"function":{"name":"api"},"message":"[runtime-status] [13184] Attempting to listen to socketPath: /tmp/fire_emu_13184.sock"}}
[debug] [2020-10-19T01:36:55.454Z] [functions] Runtime ready! Sending request! {"metadata":{"emulator":{"name":"functions"},"message":"[functions] Runtime ready! Sending request!"}}
[debug] [2020-10-19T01:36:55.460Z] [runtime-status] [13184] Ephemeral server handling GET request {"metadata":{"emulator":{"name":"functions"},"function":{"name":"api"},"message":"[runtime-status] [13184] Ephemeral server handling GET request"}}
[debug] [2020-10-19T01:36:55.465Z] [runtime-status] [13184] Ephemeral server survived. {"metadata":{"emulator":{"name":"functions"},"function":{"name":"api"},"message":"[runtime-status] [13184] Ephemeral server survived."}}
[info] i  functions: Finished "api" in ~1s {"metadata":{"emulator":{"name":"functions"},"function":{"name":"api"},"message":"Finished \"api\" in ~1s"}}
[debug] [2020-10-19T01:36:55.658Z] [worker-api-f3633dab-5f17-4964-8f86-9df4ffacd97f]: IDLE {"metadata":{"emulator":{"name":"functions"},"message":"[worker-api-f3633dab-5f17-4964-8f86-9df4ffacd97f]: IDLE"}}
[debug] [2020-10-19T01:36:55.659Z] [work-queue] {"queueLength":0,"workRunningCount":0}
[debug] [2020-10-19T01:37:00.801Z] [work-queue] {"queueLength":1,"workRunningCount":0}
[debug] [2020-10-19T01:37:00.801Z] [work-queue] {"queueLength":0,"workRunningCount":1}
[debug] [2020-10-19T01:37:00.801Z] Accepted request GET /firebase-vuejs-serverless/us-central1/api/products --> api
[debug] [2020-10-19T01:37:00.801Z] [worker-pool] submitWork(triggerId=api) {"metadata":{"emulator":{"name":"functions"},"message":"[worker-pool] submitWork(triggerId=api)"}}
[debug] [2020-10-19T01:37:00.802Z] [worker-api-f3633dab-5f17-4964-8f86-9df4ffacd97f]: Assigning socketPath: /tmp/fire_emu_13184.sock {"metadata":{"emulator":{"name":"functions"},"message":"[worker-api-f3633dab-5f17-4964-8f86-9df4ffacd97f]: Assigning socketPath: /tmp/fire_emu_13184.sock"}}
[debug] [2020-10-19T01:37:00.802Z] [worker-api-f3633dab-5f17-4964-8f86-9df4ffacd97f]: BUSY {"metadata":{"emulator":{"name":"functions"},"message":"[worker-api-f3633dab-5f17-4964-8f86-9df4ffacd97f]: BUSY"}}
[debug] [2020-10-19T01:37:00.803Z] [runtime-status] [13184] Trigger "api" has been found, beginning invocation! {"metadata":{"emulator":{"name":"functions"},"function":{"name":"api"},"message":"[runtime-status] [13184] Trigger \"api\" has been found, beginning invocation!"}}
[info] i  functions: Beginning execution of "api" {"metadata":{"emulator":{"name":"functions"},"function":{"name":"api"},"message":"Beginning execution of \"api\""}}
[debug] [2020-10-19T01:37:00.804Z] [runtime-status] [13184] triggerDefinition {"httpsTrigger":{},"name":"api","entryPoint":"api"} {"metadata":{"emulator":{"name":"functions"},"function":{"name":"api"},"message":"[runtime-status] [13184] triggerDefinition {\"httpsTrigger\":{},\"name\":\"api\",\"entryPoint\":\"api\"}"}}
[debug] [2020-10-19T01:37:00.804Z] [runtime-status] [13184] Running api in mode HTTPS {"metadata":{"emulator":{"name":"functions"},"function":{"name":"api"},"message":"[runtime-status] [13184] Running api in mode HTTPS"}}
[debug] [2020-10-19T01:37:00.806Z] [runtime-status] [13184] Attempting to listen to socketPath: /tmp/fire_emu_13184.sock {"metadata":{"emulator":{"name":"functions"},"function":{"name":"api"},"message":"[runtime-status] [13184] Attempting to listen to socketPath: /tmp/fire_emu_13184.sock"}}
[debug] [2020-10-19T01:37:00.807Z] [functions] Runtime ready! Sending request! {"metadata":{"emulator":{"name":"functions"},"message":"[functions] Runtime ready! Sending request!"}}
[debug] [2020-10-19T01:37:00.816Z] [runtime-status] [13184] Ephemeral server handling GET request {"metadata":{"emulator":{"name":"functions"},"function":{"name":"api"},"message":"[runtime-status] [13184] Ephemeral server handling GET request"}}
[debug] [2020-10-19T01:37:00.816Z] [runtime-status] [13184] Ephemeral server survived. {"metadata":{"emulator":{"name":"functions"},"function":{"name":"api"},"message":"[runtime-status] [13184] Ephemeral server survived."}}
[info] i  functions: Finished "api" in ~1s {"metadata":{"emulator":{"name":"functions"},"function":{"name":"api"},"message":"Finished \"api\" in ~1s"}}
[debug] [2020-10-19T01:37:00.972Z] [worker-api-f3633dab-5f17-4964-8f86-9df4ffacd97f]: IDLE {"metadata":{"emulator":{"name":"functions"},"message":"[worker-api-f3633dab-5f17-4964-8f86-9df4ffacd97f]: IDLE"}}
[debug] [2020-10-19T01:37:00.972Z] [work-queue] {"queueLength":0,"workRunningCount":0}
[debug] [2020-10-19T01:37:02.738Z] [work-queue] {"queueLength":1,"workRunningCount":0}
[debug] [2020-10-19T01:37:02.739Z] [work-queue] {"queueLength":0,"workRunningCount":1}
[debug] [2020-10-19T01:37:02.739Z] Accepted request GET /firebase-vuejs-serverless/us-central1/api/products --> api
[debug] [2020-10-19T01:37:02.741Z] [worker-pool] submitWork(triggerId=api) {"metadata":{"emulator":{"name":"functions"},"message":"[worker-pool] submitWork(triggerId=api)"}}
[debug] [2020-10-19T01:37:02.741Z] [worker-api-f3633dab-5f17-4964-8f86-9df4ffacd97f]: Assigning socketPath: /tmp/fire_emu_13184.sock {"metadata":{"emulator":{"name":"functions"},"message":"[worker-api-f3633dab-5f17-4964-8f86-9df4ffacd97f]: Assigning socketPath: /tmp/fire_emu_13184.sock"}}
[debug] [2020-10-19T01:37:02.742Z] [worker-api-f3633dab-5f17-4964-8f86-9df4ffacd97f]: BUSY {"metadata":{"emulator":{"name":"functions"},"message":"[worker-api-f3633dab-5f17-4964-8f86-9df4ffacd97f]: BUSY"}}
[debug] [2020-10-19T01:37:02.752Z] [runtime-status] [13184] Trigger "api" has been found, beginning invocation! {"metadata":{"emulator":{"name":"functions"},"function":{"name":"api"},"message":"[runtime-status] [13184] Trigger \"api\" has been found, beginning invocation!"}}
[info] i  functions: Beginning execution of "api" {"metadata":{"emulator":{"name":"functions"},"function":{"name":"api"},"message":"Beginning execution of \"api\""}}
[debug] [2020-10-19T01:37:02.753Z] [runtime-status] [13184] triggerDefinition {"httpsTrigger":{},"name":"api","entryPoint":"api"} {"metadata":{"emulator":{"name":"functions"},"function":{"name":"api"},"message":"[runtime-status] [13184] triggerDefinition {\"httpsTrigger\":{},\"name\":\"api\",\"entryPoint\":\"api\"}"}}
[debug] [2020-10-19T01:37:02.753Z] [runtime-status] [13184] Running api in mode HTTPS {"metadata":{"emulator":{"name":"functions"},"function":{"name":"api"},"message":"[runtime-status] [13184] Running api in mode HTTPS"}}
[debug] [2020-10-19T01:37:02.754Z] [runtime-status] [13184] Attempting to listen to socketPath: /tmp/fire_emu_13184.sock {"metadata":{"emulator":{"name":"functions"},"function":{"name":"api"},"message":"[runtime-status] [13184] Attempting to listen to socketPath: /tmp/fire_emu_13184.sock"}}
[debug] [2020-10-19T01:37:02.754Z] [functions] Runtime ready! Sending request! {"metadata":{"emulator":{"name":"functions"},"message":"[functions] Runtime ready! Sending request!"}}
[debug] [2020-10-19T01:37:02.760Z] [runtime-status] [13184] Ephemeral server handling GET request {"metadata":{"emulator":{"name":"functions"},"function":{"name":"api"},"message":"[runtime-status] [13184] Ephemeral server handling GET request"}}
[debug] [2020-10-19T01:37:02.762Z] [runtime-status] [13184] Ephemeral server survived. {"metadata":{"emulator":{"name":"functions"},"function":{"name":"api"},"message":"[runtime-status] [13184] Ephemeral server survived."}}
[info] i  functions: Finished "api" in ~1s {"metadata":{"emulator":{"name":"functions"},"function":{"name":"api"},"message":"Finished \"api\" in ~1s"}}
[debug] [2020-10-19T01:37:02.917Z] [worker-api-f3633dab-5f17-4964-8f86-9df4ffacd97f]: IDLE {"metadata":{"emulator":{"name":"functions"},"message":"[worker-api-f3633dab-5f17-4964-8f86-9df4ffacd97f]: IDLE"}}
[debug] [2020-10-19T01:37:02.917Z] [work-queue] {"queueLength":0,"workRunningCount":0}
[debug] [2020-10-19T01:37:13.263Z] [work-queue] {"queueLength":1,"workRunningCount":0}
[debug] [2020-10-19T01:37:13.263Z] [work-queue] {"queueLength":0,"workRunningCount":1}
[debug] [2020-10-19T01:37:13.263Z] Accepted request GET /firebase-vuejs-serverless/us-central1/api/products --> api
[debug] [2020-10-19T01:37:13.263Z] [worker-pool] submitWork(triggerId=api) {"metadata":{"emulator":{"name":"functions"},"message":"[worker-pool] submitWork(triggerId=api)"}}
[debug] [2020-10-19T01:37:13.263Z] [worker-api-f3633dab-5f17-4964-8f86-9df4ffacd97f]: Assigning socketPath: /tmp/fire_emu_13184.sock {"metadata":{"emulator":{"name":"functions"},"message":"[worker-api-f3633dab-5f17-4964-8f86-9df4ffacd97f]: Assigning socketPath: /tmp/fire_emu_13184.sock"}}
[debug] [2020-10-19T01:37:13.263Z] [worker-api-f3633dab-5f17-4964-8f86-9df4ffacd97f]: BUSY {"metadata":{"emulator":{"name":"functions"},"message":"[worker-api-f3633dab-5f17-4964-8f86-9df4ffacd97f]: BUSY"}}
[debug] [2020-10-19T01:37:13.266Z] [runtime-status] [13184] Trigger "api" has been found, beginning invocation! {"metadata":{"emulator":{"name":"functions"},"function":{"name":"api"},"message":"[runtime-status] [13184] Trigger \"api\" has been found, beginning invocation!"}}
[info] i  functions: Beginning execution of "api" {"metadata":{"emulator":{"name":"functions"},"function":{"name":"api"},"message":"Beginning execution of \"api\""}}
[debug] [2020-10-19T01:37:13.267Z] [runtime-status] [13184] triggerDefinition {"httpsTrigger":{},"name":"api","entryPoint":"api"} {"metadata":{"emulator":{"name":"functions"},"function":{"name":"api"},"message":"[runtime-status] [13184] triggerDefinition {\"httpsTrigger\":{},\"name\":\"api\",\"entryPoint\":\"api\"}"}}
[debug] [2020-10-19T01:37:13.267Z] [runtime-status] [13184] Running api in mode HTTPS {"metadata":{"emulator":{"name":"functions"},"function":{"name":"api"},"message":"[runtime-status] [13184] Running api in mode HTTPS"}}
[debug] [2020-10-19T01:37:13.267Z] [runtime-status] [13184] Attempting to listen to socketPath: /tmp/fire_emu_13184.sock {"metadata":{"emulator":{"name":"functions"},"function":{"name":"api"},"message":"[runtime-status] [13184] Attempting to listen to socketPath: /tmp/fire_emu_13184.sock"}}
[debug] [2020-10-19T01:37:13.267Z] [functions] Runtime ready! Sending request! {"metadata":{"emulator":{"name":"functions"},"message":"[functions] Runtime ready! Sending request!"}}
[debug] [2020-10-19T01:37:13.271Z] [runtime-status] [13184] Ephemeral server handling GET request {"metadata":{"emulator":{"name":"functions"},"function":{"name":"api"},"message":"[runtime-status] [13184] Ephemeral server handling GET request"}}
[debug] [2020-10-19T01:37:13.272Z] [runtime-status] [13184] Ephemeral server survived. {"metadata":{"emulator":{"name":"functions"},"function":{"name":"api"},"message":"[runtime-status] [13184] Ephemeral server survived."}}
[info] i  functions: Finished "api" in ~1s {"metadata":{"emulator":{"name":"functions"},"function":{"name":"api"},"message":"Finished \"api\" in ~1s"}}
[debug] [2020-10-19T01:37:13.419Z] [worker-api-f3633dab-5f17-4964-8f86-9df4ffacd97f]: IDLE {"metadata":{"emulator":{"name":"functions"},"message":"[worker-api-f3633dab-5f17-4964-8f86-9df4ffacd97f]: IDLE"}}
[debug] [2020-10-19T01:37:13.419Z] [work-queue] {"queueLength":0,"workRunningCount":0}
[debug] [2020-10-19T01:37:15.860Z] [work-queue] {"queueLength":1,"workRunningCount":0}
[debug] [2020-10-19T01:37:15.861Z] [work-queue] {"queueLength":0,"workRunningCount":1}
[debug] [2020-10-19T01:37:15.861Z] Accepted request GET /firebase-vuejs-serverless/us-central1/api/products --> api
[debug] [2020-10-19T01:37:15.861Z] [worker-pool] submitWork(triggerId=api) {"metadata":{"emulator":{"name":"functions"},"message":"[worker-pool] submitWork(triggerId=api)"}}
[debug] [2020-10-19T01:37:15.861Z] [worker-api-f3633dab-5f17-4964-8f86-9df4ffacd97f]: Assigning socketPath: /tmp/fire_emu_13184.sock {"metadata":{"emulator":{"name":"functions"},"message":"[worker-api-f3633dab-5f17-4964-8f86-9df4ffacd97f]: Assigning socketPath: /tmp/fire_emu_13184.sock"}}
[debug] [2020-10-19T01:37:15.861Z] [worker-api-f3633dab-5f17-4964-8f86-9df4ffacd97f]: BUSY {"metadata":{"emulator":{"name":"functions"},"message":"[worker-api-f3633dab-5f17-4964-8f86-9df4ffacd97f]: BUSY"}}
[debug] [2020-10-19T01:37:15.864Z] [runtime-status] [13184] Trigger "api" has been found, beginning invocation! {"metadata":{"emulator":{"name":"functions"},"function":{"name":"api"},"message":"[runtime-status] [13184] Trigger \"api\" has been found, beginning invocation!"}}
[info] i  functions: Beginning execution of "api" {"metadata":{"emulator":{"name":"functions"},"function":{"name":"api"},"message":"Beginning execution of \"api\""}}
[debug] [2020-10-19T01:37:15.866Z] [runtime-status] [13184] triggerDefinition {"httpsTrigger":{},"name":"api","entryPoint":"api"} {"metadata":{"emulator":{"name":"functions"},"function":{"name":"api"},"message":"[runtime-status] [13184] triggerDefinition {\"httpsTrigger\":{},\"name\":\"api\",\"entryPoint\":\"api\"}"}}
[debug] [2020-10-19T01:37:15.866Z] [runtime-status] [13184] Running api in mode HTTPS {"metadata":{"emulator":{"name":"functions"},"function":{"name":"api"},"message":"[runtime-status] [13184] Running api in mode HTTPS"}}
[debug] [2020-10-19T01:37:15.866Z] [runtime-status] [13184] Attempting to listen to socketPath: /tmp/fire_emu_13184.sock {"metadata":{"emulator":{"name":"functions"},"function":{"name":"api"},"message":"[runtime-status] [13184] Attempting to listen to socketPath: /tmp/fire_emu_13184.sock"}}
[debug] [2020-10-19T01:37:15.866Z] [functions] Runtime ready! Sending request! {"metadata":{"emulator":{"name":"functions"},"message":"[functions] Runtime ready! Sending request!"}}
[debug] [2020-10-19T01:37:15.882Z] [runtime-status] [13184] Ephemeral server handling GET request {"metadata":{"emulator":{"name":"functions"},"function":{"name":"api"},"message":"[runtime-status] [13184] Ephemeral server handling GET request"}}
[debug] [2020-10-19T01:37:15.883Z] [runtime-status] [13184] Ephemeral server survived. {"metadata":{"emulator":{"name":"functions"},"function":{"name":"api"},"message":"[runtime-status] [13184] Ephemeral server survived."}}
[info] i  functions: Finished "api" in ~1s {"metadata":{"emulator":{"name":"functions"},"function":{"name":"api"},"message":"Finished \"api\" in ~1s"}}
[debug] [2020-10-19T01:37:15.974Z] [worker-api-f3633dab-5f17-4964-8f86-9df4ffacd97f]: IDLE {"metadata":{"emulator":{"name":"functions"},"message":"[worker-api-f3633dab-5f17-4964-8f86-9df4ffacd97f]: IDLE"}}
[debug] [2020-10-19T01:37:15.974Z] [work-queue] {"queueLength":0,"workRunningCount":0}
[debug] [2020-10-19T01:37:40.260Z] [work-queue] {"queueLength":1,"workRunningCount":0}
[debug] [2020-10-19T01:37:40.260Z] [work-queue] {"queueLength":0,"workRunningCount":1}
[debug] [2020-10-19T01:37:40.261Z] Accepted request GET /firebase-vuejs-serverless/us-central1/api/products --> api
[debug] [2020-10-19T01:37:40.261Z] [worker-pool] submitWork(triggerId=api) {"metadata":{"emulator":{"name":"functions"},"message":"[worker-pool] submitWork(triggerId=api)"}}
[debug] [2020-10-19T01:37:40.261Z] [worker-api-f3633dab-5f17-4964-8f86-9df4ffacd97f]: Assigning socketPath: /tmp/fire_emu_13184.sock {"metadata":{"emulator":{"name":"functions"},"message":"[worker-api-f3633dab-5f17-4964-8f86-9df4ffacd97f]: Assigning socketPath: /tmp/fire_emu_13184.sock"}}
[debug] [2020-10-19T01:37:40.261Z] [worker-api-f3633dab-5f17-4964-8f86-9df4ffacd97f]: BUSY {"metadata":{"emulator":{"name":"functions"},"message":"[worker-api-f3633dab-5f17-4964-8f86-9df4ffacd97f]: BUSY"}}
[debug] [2020-10-19T01:37:40.263Z] [runtime-status] [13184] Trigger "api" has been found, beginning invocation! {"metadata":{"emulator":{"name":"functions"},"function":{"name":"api"},"message":"[runtime-status] [13184] Trigger \"api\" has been found, beginning invocation!"}}
[info] i  functions: Beginning execution of "api" {"metadata":{"emulator":{"name":"functions"},"function":{"name":"api"},"message":"Beginning execution of \"api\""}}
[debug] [2020-10-19T01:37:40.264Z] [runtime-status] [13184] triggerDefinition {"httpsTrigger":{},"name":"api","entryPoint":"api"} {"metadata":{"emulator":{"name":"functions"},"function":{"name":"api"},"message":"[runtime-status] [13184] triggerDefinition {\"httpsTrigger\":{},\"name\":\"api\",\"entryPoint\":\"api\"}"}}
[debug] [2020-10-19T01:37:40.264Z] [runtime-status] [13184] Running api in mode HTTPS {"metadata":{"emulator":{"name":"functions"},"function":{"name":"api"},"message":"[runtime-status] [13184] Running api in mode HTTPS"}}
[debug] [2020-10-19T01:37:40.264Z] [runtime-status] [13184] Attempting to listen to socketPath: /tmp/fire_emu_13184.sock {"metadata":{"emulator":{"name":"functions"},"function":{"name":"api"},"message":"[runtime-status] [13184] Attempting to listen to socketPath: /tmp/fire_emu_13184.sock"}}
[debug] [2020-10-19T01:37:40.264Z] [functions] Runtime ready! Sending request! {"metadata":{"emulator":{"name":"functions"},"message":"[functions] Runtime ready! Sending request!"}}
[debug] [2020-10-19T01:37:40.269Z] [runtime-status] [13184] Ephemeral server handling GET request {"metadata":{"emulator":{"name":"functions"},"function":{"name":"api"},"message":"[runtime-status] [13184] Ephemeral server handling GET request"}}
[debug] [2020-10-19T01:37:40.270Z] [runtime-status] [13184] Ephemeral server survived. {"metadata":{"emulator":{"name":"functions"},"function":{"name":"api"},"message":"[runtime-status] [13184] Ephemeral server survived."}}
[info] i  functions: Finished "api" in ~1s {"metadata":{"emulator":{"name":"functions"},"function":{"name":"api"},"message":"Finished \"api\" in ~1s"}}
[debug] [2020-10-19T01:37:40.508Z] [worker-api-f3633dab-5f17-4964-8f86-9df4ffacd97f]: IDLE {"metadata":{"emulator":{"name":"functions"},"message":"[worker-api-f3633dab-5f17-4964-8f86-9df4ffacd97f]: IDLE"}}
[debug] [2020-10-19T01:37:40.509Z] [work-queue] {"queueLength":0,"workRunningCount":0}
[debug] [2020-10-19T01:38:06.524Z] [work-queue] {"queueLength":1,"workRunningCount":0}
[debug] [2020-10-19T01:38:06.524Z] [work-queue] {"queueLength":0,"workRunningCount":1}
[debug] [2020-10-19T01:38:06.525Z] Accepted request GET /firebase-vuejs-serverless/us-central1/api/products --> api
[debug] [2020-10-19T01:38:06.525Z] [worker-pool] submitWork(triggerId=api) {"metadata":{"emulator":{"name":"functions"},"message":"[worker-pool] submitWork(triggerId=api)"}}
[debug] [2020-10-19T01:38:06.525Z] [worker-api-f3633dab-5f17-4964-8f86-9df4ffacd97f]: Assigning socketPath: /tmp/fire_emu_13184.sock {"metadata":{"emulator":{"name":"functions"},"message":"[worker-api-f3633dab-5f17-4964-8f86-9df4ffacd97f]: Assigning socketPath: /tmp/fire_emu_13184.sock"}}
[debug] [2020-10-19T01:38:06.525Z] [worker-api-f3633dab-5f17-4964-8f86-9df4ffacd97f]: BUSY {"metadata":{"emulator":{"name":"functions"},"message":"[worker-api-f3633dab-5f17-4964-8f86-9df4ffacd97f]: BUSY"}}
[debug] [2020-10-19T01:38:06.528Z] [runtime-status] [13184] Trigger "api" has been found, beginning invocation! {"metadata":{"emulator":{"name":"functions"},"function":{"name":"api"},"message":"[runtime-status] [13184] Trigger \"api\" has been found, beginning invocation!"}}
[info] i  functions: Beginning execution of "api" {"metadata":{"emulator":{"name":"functions"},"function":{"name":"api"},"message":"Beginning execution of \"api\""}}
[debug] [2020-10-19T01:38:06.528Z] [runtime-status] [13184] triggerDefinition {"httpsTrigger":{},"name":"api","entryPoint":"api"} {"metadata":{"emulator":{"name":"functions"},"function":{"name":"api"},"message":"[runtime-status] [13184] triggerDefinition {\"httpsTrigger\":{},\"name\":\"api\",\"entryPoint\":\"api\"}"}}
[debug] [2020-10-19T01:38:06.529Z] [runtime-status] [13184] Running api in mode HTTPS {"metadata":{"emulator":{"name":"functions"},"function":{"name":"api"},"message":"[runtime-status] [13184] Running api in mode HTTPS"}}
[debug] [2020-10-19T01:38:06.529Z] [runtime-status] [13184] Attempting to listen to socketPath: /tmp/fire_emu_13184.sock {"metadata":{"emulator":{"name":"functions"},"function":{"name":"api"},"message":"[runtime-status] [13184] Attempting to listen to socketPath: /tmp/fire_emu_13184.sock"}}
[debug] [2020-10-19T01:38:06.529Z] [functions] Runtime ready! Sending request! {"metadata":{"emulator":{"name":"functions"},"message":"[functions] Runtime ready! Sending request!"}}
[debug] [2020-10-19T01:38:06.533Z] [runtime-status] [13184] Ephemeral server handling GET request {"metadata":{"emulator":{"name":"functions"},"function":{"name":"api"},"message":"[runtime-status] [13184] Ephemeral server handling GET request"}}
[debug] [2020-10-19T01:38:06.533Z] [runtime-status] [13184] Ephemeral server survived. {"metadata":{"emulator":{"name":"functions"},"function":{"name":"api"},"message":"[runtime-status] [13184] Ephemeral server survived."}}
[info] i  functions: Finished "api" in ~1s {"metadata":{"emulator":{"name":"functions"},"function":{"name":"api"},"message":"Finished \"api\" in ~1s"}}
[debug] [2020-10-19T01:38:06.684Z] [worker-api-f3633dab-5f17-4964-8f86-9df4ffacd97f]: IDLE {"metadata":{"emulator":{"name":"functions"},"message":"[worker-api-f3633dab-5f17-4964-8f86-9df4ffacd97f]: IDLE"}}
[debug] [2020-10-19T01:38:06.685Z] [work-queue] {"queueLength":0,"workRunningCount":0}
[debug] [2020-10-19T01:38:06.689Z] [work-queue] {"queueLength":1,"workRunningCount":0}
[debug] [2020-10-19T01:38:06.689Z] [work-queue] {"queueLength":0,"workRunningCount":1}
[debug] [2020-10-19T01:38:06.689Z] Accepted request GET /firebase-vuejs-serverless/us-central1/api/products --> api
[debug] [2020-10-19T01:38:06.689Z] [worker-pool] submitWork(triggerId=api) {"metadata":{"emulator":{"name":"functions"},"message":"[worker-pool] submitWork(triggerId=api)"}}
[debug] [2020-10-19T01:38:06.689Z] [worker-api-f3633dab-5f17-4964-8f86-9df4ffacd97f]: Assigning socketPath: /tmp/fire_emu_13184.sock {"metadata":{"emulator":{"name":"functions"},"message":"[worker-api-f3633dab-5f17-4964-8f86-9df4ffacd97f]: Assigning socketPath: /tmp/fire_emu_13184.sock"}}
[debug] [2020-10-19T01:38:06.690Z] [worker-api-f3633dab-5f17-4964-8f86-9df4ffacd97f]: BUSY {"metadata":{"emulator":{"name":"functions"},"message":"[worker-api-f3633dab-5f17-4964-8f86-9df4ffacd97f]: BUSY"}}
[debug] [2020-10-19T01:38:06.693Z] [runtime-status] [13184] Trigger "api" has been found, beginning invocation! {"metadata":{"emulator":{"name":"functions"},"function":{"name":"api"},"message":"[runtime-status] [13184] Trigger \"api\" has been found, beginning invocation!"}}
[info] i  functions: Beginning execution of "api" {"metadata":{"emulator":{"name":"functions"},"function":{"name":"api"},"message":"Beginning execution of \"api\""}}
[debug] [2020-10-19T01:38:06.694Z] [runtime-status] [13184] triggerDefinition {"httpsTrigger":{},"name":"api","entryPoint":"api"} {"metadata":{"emulator":{"name":"functions"},"function":{"name":"api"},"message":"[runtime-status] [13184] triggerDefinition {\"httpsTrigger\":{},\"name\":\"api\",\"entryPoint\":\"api\"}"}}
[debug] [2020-10-19T01:38:06.694Z] [runtime-status] [13184] Running api in mode HTTPS {"metadata":{"emulator":{"name":"functions"},"function":{"name":"api"},"message":"[runtime-status] [13184] Running api in mode HTTPS"}}
[debug] [2020-10-19T01:38:06.694Z] [runtime-status] [13184] Attempting to listen to socketPath: /tmp/fire_emu_13184.sock {"metadata":{"emulator":{"name":"functions"},"function":{"name":"api"},"message":"[runtime-status] [13184] Attempting to listen to socketPath: /tmp/fire_emu_13184.sock"}}
[debug] [2020-10-19T01:38:06.700Z] [functions] Runtime ready! Sending request! {"metadata":{"emulator":{"name":"functions"},"message":"[functions] Runtime ready! Sending request!"}}
[debug] [2020-10-19T01:38:06.706Z] [runtime-status] [13184] Ephemeral server handling GET request {"metadata":{"emulator":{"name":"functions"},"function":{"name":"api"},"message":"[runtime-status] [13184] Ephemeral server handling GET request"}}
[debug] [2020-10-19T01:38:06.709Z] [runtime-status] [13184] Ephemeral server survived. {"metadata":{"emulator":{"name":"functions"},"function":{"name":"api"},"message":"[runtime-status] [13184] Ephemeral server survived."}}
[info] i  functions: Finished "api" in ~1s {"metadata":{"emulator":{"name":"functions"},"function":{"name":"api"},"message":"Finished \"api\" in ~1s"}}
[debug] [2020-10-19T01:38:06.861Z] [worker-api-f3633dab-5f17-4964-8f86-9df4ffacd97f]: IDLE {"metadata":{"emulator":{"name":"functions"},"message":"[worker-api-f3633dab-5f17-4964-8f86-9df4ffacd97f]: IDLE"}}
[debug] [2020-10-19T01:38:06.862Z] [work-queue] {"queueLength":0,"workRunningCount":0}
[debug] [2020-10-19T01:38:42.471Z] [work-queue] {"queueLength":1,"workRunningCount":0}
[debug] [2020-10-19T01:38:42.472Z] [work-queue] {"queueLength":0,"workRunningCount":1}
[debug] [2020-10-19T01:38:42.472Z] Accepted request GET /firebase-vuejs-serverless/us-central1/api/products --> api
[debug] [2020-10-19T01:38:42.472Z] [worker-pool] submitWork(triggerId=api) {"metadata":{"emulator":{"name":"functions"},"message":"[worker-pool] submitWork(triggerId=api)"}}
[debug] [2020-10-19T01:38:42.472Z] [worker-api-f3633dab-5f17-4964-8f86-9df4ffacd97f]: Assigning socketPath: /tmp/fire_emu_13184.sock {"metadata":{"emulator":{"name":"functions"},"message":"[worker-api-f3633dab-5f17-4964-8f86-9df4ffacd97f]: Assigning socketPath: /tmp/fire_emu_13184.sock"}}
[debug] [2020-10-19T01:38:42.472Z] [worker-api-f3633dab-5f17-4964-8f86-9df4ffacd97f]: BUSY {"metadata":{"emulator":{"name":"functions"},"message":"[worker-api-f3633dab-5f17-4964-8f86-9df4ffacd97f]: BUSY"}}
[debug] [2020-10-19T01:38:42.473Z] [runtime-status] [13184] Trigger "api" has been found, beginning invocation! {"metadata":{"emulator":{"name":"functions"},"function":{"name":"api"},"message":"[runtime-status] [13184] Trigger \"api\" has been found, beginning invocation!"}}
[info] i  functions: Beginning execution of "api" {"metadata":{"emulator":{"name":"functions"},"function":{"name":"api"},"message":"Beginning execution of \"api\""}}
[debug] [2020-10-19T01:38:42.474Z] [runtime-status] [13184] triggerDefinition {"httpsTrigger":{},"name":"api","entryPoint":"api"} {"metadata":{"emulator":{"name":"functions"},"function":{"name":"api"},"message":"[runtime-status] [13184] triggerDefinition {\"httpsTrigger\":{},\"name\":\"api\",\"entryPoint\":\"api\"}"}}
[debug] [2020-10-19T01:38:42.474Z] [runtime-status] [13184] Running api in mode HTTPS {"metadata":{"emulator":{"name":"functions"},"function":{"name":"api"},"message":"[runtime-status] [13184] Running api in mode HTTPS"}}
[debug] [2020-10-19T01:38:42.477Z] [runtime-status] [13184] Attempting to listen to socketPath: /tmp/fire_emu_13184.sock {"metadata":{"emulator":{"name":"functions"},"function":{"name":"api"},"message":"[runtime-status] [13184] Attempting to listen to socketPath: /tmp/fire_emu_13184.sock"}}
[debug] [2020-10-19T01:38:42.477Z] [functions] Runtime ready! Sending request! {"metadata":{"emulator":{"name":"functions"},"message":"[functions] Runtime ready! Sending request!"}}
[debug] [2020-10-19T01:38:42.480Z] [runtime-status] [13184] Ephemeral server handling GET request {"metadata":{"emulator":{"name":"functions"},"function":{"name":"api"},"message":"[runtime-status] [13184] Ephemeral server handling GET request"}}
[debug] [2020-10-19T01:38:42.481Z] [runtime-status] [13184] Ephemeral server survived. {"metadata":{"emulator":{"name":"functions"},"function":{"name":"api"},"message":"[runtime-status] [13184] Ephemeral server survived."}}
[info] i  functions: Finished "api" in ~1s {"metadata":{"emulator":{"name":"functions"},"function":{"name":"api"},"message":"Finished \"api\" in ~1s"}}
[debug] [2020-10-19T01:38:42.691Z] [worker-api-f3633dab-5f17-4964-8f86-9df4ffacd97f]: IDLE {"metadata":{"emulator":{"name":"functions"},"message":"[worker-api-f3633dab-5f17-4964-8f86-9df4ffacd97f]: IDLE"}}
[debug] [2020-10-19T01:38:42.692Z] [work-queue] {"queueLength":0,"workRunningCount":0}
[debug] [2020-10-19T01:38:44.899Z] [work-queue] {"queueLength":1,"workRunningCount":0}
[debug] [2020-10-19T01:38:44.899Z] [work-queue] {"queueLength":0,"workRunningCount":1}
[debug] [2020-10-19T01:38:44.899Z] Accepted request GET /firebase-vuejs-serverless/us-central1/api/products --> api
[debug] [2020-10-19T01:38:44.899Z] [worker-pool] submitWork(triggerId=api) {"metadata":{"emulator":{"name":"functions"},"message":"[worker-pool] submitWork(triggerId=api)"}}
[debug] [2020-10-19T01:38:44.899Z] [worker-api-f3633dab-5f17-4964-8f86-9df4ffacd97f]: Assigning socketPath: /tmp/fire_emu_13184.sock {"metadata":{"emulator":{"name":"functions"},"message":"[worker-api-f3633dab-5f17-4964-8f86-9df4ffacd97f]: Assigning socketPath: /tmp/fire_emu_13184.sock"}}
[debug] [2020-10-19T01:38:44.899Z] [worker-api-f3633dab-5f17-4964-8f86-9df4ffacd97f]: BUSY {"metadata":{"emulator":{"name":"functions"},"message":"[worker-api-f3633dab-5f17-4964-8f86-9df4ffacd97f]: BUSY"}}
[debug] [2020-10-19T01:38:44.902Z] [runtime-status] [13184] Trigger "api" has been found, beginning invocation! {"metadata":{"emulator":{"name":"functions"},"function":{"name":"api"},"message":"[runtime-status] [13184] Trigger \"api\" has been found, beginning invocation!"}}
[info] i  functions: Beginning execution of "api" {"metadata":{"emulator":{"name":"functions"},"function":{"name":"api"},"message":"Beginning execution of \"api\""}}
[debug] [2020-10-19T01:38:44.905Z] [runtime-status] [13184] triggerDefinition {"httpsTrigger":{},"name":"api","entryPoint":"api"} {"metadata":{"emulator":{"name":"functions"},"function":{"name":"api"},"message":"[runtime-status] [13184] triggerDefinition {\"httpsTrigger\":{},\"name\":\"api\",\"entryPoint\":\"api\"}"}}
[debug] [2020-10-19T01:38:44.905Z] [runtime-status] [13184] Running api in mode HTTPS {"metadata":{"emulator":{"name":"functions"},"function":{"name":"api"},"message":"[runtime-status] [13184] Running api in mode HTTPS"}}
[debug] [2020-10-19T01:38:44.905Z] [runtime-status] [13184] Attempting to listen to socketPath: /tmp/fire_emu_13184.sock {"metadata":{"emulator":{"name":"functions"},"function":{"name":"api"},"message":"[runtime-status] [13184] Attempting to listen to socketPath: /tmp/fire_emu_13184.sock"}}
[debug] [2020-10-19T01:38:44.906Z] [functions] Runtime ready! Sending request! {"metadata":{"emulator":{"name":"functions"},"message":"[functions] Runtime ready! Sending request!"}}
[debug] [2020-10-19T01:38:44.910Z] [runtime-status] [13184] Ephemeral server handling GET request {"metadata":{"emulator":{"name":"functions"},"function":{"name":"api"},"message":"[runtime-status] [13184] Ephemeral server handling GET request"}}
[debug] [2020-10-19T01:38:44.911Z] [runtime-status] [13184] Ephemeral server survived. {"metadata":{"emulator":{"name":"functions"},"function":{"name":"api"},"message":"[runtime-status] [13184] Ephemeral server survived."}}
[info] i  functions: Finished "api" in ~1s {"metadata":{"emulator":{"name":"functions"},"function":{"name":"api"},"message":"Finished \"api\" in ~1s"}}
[debug] [2020-10-19T01:38:45.063Z] [worker-api-f3633dab-5f17-4964-8f86-9df4ffacd97f]: IDLE {"metadata":{"emulator":{"name":"functions"},"message":"[worker-api-f3633dab-5f17-4964-8f86-9df4ffacd97f]: IDLE"}}
[debug] [2020-10-19T01:38:45.063Z] [work-queue] {"queueLength":0,"workRunningCount":0}
[debug] [2020-10-19T01:38:53.638Z] [work-queue] {"queueLength":1,"workRunningCount":0}
[debug] [2020-10-19T01:38:53.639Z] [work-queue] {"queueLength":0,"workRunningCount":1}
[debug] [2020-10-19T01:38:53.639Z] Accepted request GET /firebase-vuejs-serverless/us-central1/api/products --> api
[debug] [2020-10-19T01:38:53.639Z] [worker-pool] submitWork(triggerId=api) {"metadata":{"emulator":{"name":"functions"},"message":"[worker-pool] submitWork(triggerId=api)"}}
[debug] [2020-10-19T01:38:53.639Z] [worker-api-f3633dab-5f17-4964-8f86-9df4ffacd97f]: Assigning socketPath: /tmp/fire_emu_13184.sock {"metadata":{"emulator":{"name":"functions"},"message":"[worker-api-f3633dab-5f17-4964-8f86-9df4ffacd97f]: Assigning socketPath: /tmp/fire_emu_13184.sock"}}
[debug] [2020-10-19T01:38:53.639Z] [worker-api-f3633dab-5f17-4964-8f86-9df4ffacd97f]: BUSY {"metadata":{"emulator":{"name":"functions"},"message":"[worker-api-f3633dab-5f17-4964-8f86-9df4ffacd97f]: BUSY"}}
[debug] [2020-10-19T01:38:53.641Z] [runtime-status] [13184] Trigger "api" has been found, beginning invocation! {"metadata":{"emulator":{"name":"functions"},"function":{"name":"api"},"message":"[runtime-status] [13184] Trigger \"api\" has been found, beginning invocation!"}}
[info] i  functions: Beginning execution of "api" {"metadata":{"emulator":{"name":"functions"},"function":{"name":"api"},"message":"Beginning execution of \"api\""}}
[debug] [2020-10-19T01:38:53.641Z] [runtime-status] [13184] triggerDefinition {"httpsTrigger":{},"name":"api","entryPoint":"api"} {"metadata":{"emulator":{"name":"functions"},"function":{"name":"api"},"message":"[runtime-status] [13184] triggerDefinition {\"httpsTrigger\":{},\"name\":\"api\",\"entryPoint\":\"api\"}"}}
[debug] [2020-10-19T01:38:53.641Z] [runtime-status] [13184] Running api in mode HTTPS {"metadata":{"emulator":{"name":"functions"},"function":{"name":"api"},"message":"[runtime-status] [13184] Running api in mode HTTPS"}}
[debug] [2020-10-19T01:38:53.641Z] [runtime-status] [13184] Attempting to listen to socketPath: /tmp/fire_emu_13184.sock {"metadata":{"emulator":{"name":"functions"},"function":{"name":"api"},"message":"[runtime-status] [13184] Attempting to listen to socketPath: /tmp/fire_emu_13184.sock"}}
[debug] [2020-10-19T01:38:53.642Z] [functions] Runtime ready! Sending request! {"metadata":{"emulator":{"name":"functions"},"message":"[functions] Runtime ready! Sending request!"}}
[debug] [2020-10-19T01:38:53.645Z] [runtime-status] [13184] Ephemeral server handling GET request {"metadata":{"emulator":{"name":"functions"},"function":{"name":"api"},"message":"[runtime-status] [13184] Ephemeral server handling GET request"}}
[debug] [2020-10-19T01:38:53.651Z] [runtime-status] [13184] Ephemeral server survived. {"metadata":{"emulator":{"name":"functions"},"function":{"name":"api"},"message":"[runtime-status] [13184] Ephemeral server survived."}}
[info] i  functions: Finished "api" in ~1s {"metadata":{"emulator":{"name":"functions"},"function":{"name":"api"},"message":"Finished \"api\" in ~1s"}}
[debug] [2020-10-19T01:38:53.810Z] [worker-api-f3633dab-5f17-4964-8f86-9df4ffacd97f]: IDLE {"metadata":{"emulator":{"name":"functions"},"message":"[worker-api-f3633dab-5f17-4964-8f86-9df4ffacd97f]: IDLE"}}
[debug] [2020-10-19T01:38:53.810Z] [work-queue] {"queueLength":0,"workRunningCount":0}
[debug] [2020-10-19T01:43:21.881Z] [work-queue] {"queueLength":1,"workRunningCount":0}
[debug] [2020-10-19T01:43:21.881Z] [work-queue] {"queueLength":0,"workRunningCount":1}
[debug] [2020-10-19T01:43:21.882Z] Accepted request GET /firebase-vuejs-serverless/us-central1/api/products --> api
[debug] [2020-10-19T01:43:21.882Z] [worker-pool] submitWork(triggerId=api) {"metadata":{"emulator":{"name":"functions"},"message":"[worker-pool] submitWork(triggerId=api)"}}
[debug] [2020-10-19T01:43:21.883Z] [worker-api-f3633dab-5f17-4964-8f86-9df4ffacd97f]: Assigning socketPath: /tmp/fire_emu_13184.sock {"metadata":{"emulator":{"name":"functions"},"message":"[worker-api-f3633dab-5f17-4964-8f86-9df4ffacd97f]: Assigning socketPath: /tmp/fire_emu_13184.sock"}}
[debug] [2020-10-19T01:43:21.883Z] [worker-api-f3633dab-5f17-4964-8f86-9df4ffacd97f]: BUSY {"metadata":{"emulator":{"name":"functions"},"message":"[worker-api-f3633dab-5f17-4964-8f86-9df4ffacd97f]: BUSY"}}
[debug] [2020-10-19T01:43:21.884Z] [runtime-status] [13184] Trigger "api" has been found, beginning invocation! {"metadata":{"emulator":{"name":"functions"},"function":{"name":"api"},"message":"[runtime-status] [13184] Trigger \"api\" has been found, beginning invocation!"}}
[info] i  functions: Beginning execution of "api" {"metadata":{"emulator":{"name":"functions"},"function":{"name":"api"},"message":"Beginning execution of \"api\""}}
[debug] [2020-10-19T01:43:21.885Z] [runtime-status] [13184] triggerDefinition {"httpsTrigger":{},"name":"api","entryPoint":"api"} {"metadata":{"emulator":{"name":"functions"},"function":{"name":"api"},"message":"[runtime-status] [13184] triggerDefinition {\"httpsTrigger\":{},\"name\":\"api\",\"entryPoint\":\"api\"}"}}
[debug] [2020-10-19T01:43:21.885Z] [runtime-status] [13184] Running api in mode HTTPS {"metadata":{"emulator":{"name":"functions"},"function":{"name":"api"},"message":"[runtime-status] [13184] Running api in mode HTTPS"}}
[debug] [2020-10-19T01:43:21.886Z] [runtime-status] [13184] Attempting to listen to socketPath: /tmp/fire_emu_13184.sock {"metadata":{"emulator":{"name":"functions"},"function":{"name":"api"},"message":"[runtime-status] [13184] Attempting to listen to socketPath: /tmp/fire_emu_13184.sock"}}
[debug] [2020-10-19T01:43:21.888Z] [functions] Runtime ready! Sending request! {"metadata":{"emulator":{"name":"functions"},"message":"[functions] Runtime ready! Sending request!"}}
[debug] [2020-10-19T01:43:21.891Z] [runtime-status] [13184] Ephemeral server handling GET request {"metadata":{"emulator":{"name":"functions"},"function":{"name":"api"},"message":"[runtime-status] [13184] Ephemeral server handling GET request"}}
[debug] [2020-10-19T01:43:21.891Z] [runtime-status] [13184] Ephemeral server survived. {"metadata":{"emulator":{"name":"functions"},"function":{"name":"api"},"message":"[runtime-status] [13184] Ephemeral server survived."}}
[info] i  functions: Finished "api" in ~1s {"metadata":{"emulator":{"name":"functions"},"function":{"name":"api"},"message":"Finished \"api\" in ~1s"}}
[debug] [2020-10-19T01:43:22.338Z] [worker-api-f3633dab-5f17-4964-8f86-9df4ffacd97f]: IDLE {"metadata":{"emulator":{"name":"functions"},"message":"[worker-api-f3633dab-5f17-4964-8f86-9df4ffacd97f]: IDLE"}}
[debug] [2020-10-19T01:43:22.338Z] [work-queue] {"queueLength":0,"workRunningCount":0}
[debug] [2020-10-19T01:44:26.710Z] [work-queue] {"queueLength":1,"workRunningCount":0}
[debug] [2020-10-19T01:44:26.711Z] [work-queue] {"queueLength":0,"workRunningCount":1}
[debug] [2020-10-19T01:44:26.711Z] Accepted request GET /firebase-vuejs-serverless/us-central1/api/products --> api
[debug] [2020-10-19T01:44:26.711Z] [worker-pool] submitWork(triggerId=api) {"metadata":{"emulator":{"name":"functions"},"message":"[worker-pool] submitWork(triggerId=api)"}}
[debug] [2020-10-19T01:44:26.711Z] [worker-api-f3633dab-5f17-4964-8f86-9df4ffacd97f]: Assigning socketPath: /tmp/fire_emu_13184.sock {"metadata":{"emulator":{"name":"functions"},"message":"[worker-api-f3633dab-5f17-4964-8f86-9df4ffacd97f]: Assigning socketPath: /tmp/fire_emu_13184.sock"}}
[debug] [2020-10-19T01:44:26.711Z] [worker-api-f3633dab-5f17-4964-8f86-9df4ffacd97f]: BUSY {"metadata":{"emulator":{"name":"functions"},"message":"[worker-api-f3633dab-5f17-4964-8f86-9df4ffacd97f]: BUSY"}}
[debug] [2020-10-19T01:44:26.712Z] [runtime-status] [13184] Trigger "api" has been found, beginning invocation! {"metadata":{"emulator":{"name":"functions"},"function":{"name":"api"},"message":"[runtime-status] [13184] Trigger \"api\" has been found, beginning invocation!"}}
[info] i  functions: Beginning execution of "api" {"metadata":{"emulator":{"name":"functions"},"function":{"name":"api"},"message":"Beginning execution of \"api\""}}
[debug] [2020-10-19T01:44:26.712Z] [runtime-status] [13184] triggerDefinition {"httpsTrigger":{},"name":"api","entryPoint":"api"} {"metadata":{"emulator":{"name":"functions"},"function":{"name":"api"},"message":"[runtime-status] [13184] triggerDefinition {\"httpsTrigger\":{},\"name\":\"api\",\"entryPoint\":\"api\"}"}}
[debug] [2020-10-19T01:44:26.712Z] [runtime-status] [13184] Running api in mode HTTPS {"metadata":{"emulator":{"name":"functions"},"function":{"name":"api"},"message":"[runtime-status] [13184] Running api in mode HTTPS"}}
[debug] [2020-10-19T01:44:26.712Z] [runtime-status] [13184] Attempting to listen to socketPath: /tmp/fire_emu_13184.sock {"metadata":{"emulator":{"name":"functions"},"function":{"name":"api"},"message":"[runtime-status] [13184] Attempting to listen to socketPath: /tmp/fire_emu_13184.sock"}}
[debug] [2020-10-19T01:44:26.713Z] [functions] Runtime ready! Sending request! {"metadata":{"emulator":{"name":"functions"},"message":"[functions] Runtime ready! Sending request!"}}
[debug] [2020-10-19T01:44:26.716Z] [runtime-status] [13184] Ephemeral server handling GET request {"metadata":{"emulator":{"name":"functions"},"function":{"name":"api"},"message":"[runtime-status] [13184] Ephemeral server handling GET request"}}
[debug] [2020-10-19T01:44:26.717Z] [runtime-status] [13184] Ephemeral server survived. {"metadata":{"emulator":{"name":"functions"},"function":{"name":"api"},"message":"[runtime-status] [13184] Ephemeral server survived."}}
[info] i  functions: Finished "api" in ~1s {"metadata":{"emulator":{"name":"functions"},"function":{"name":"api"},"message":"Finished \"api\" in ~1s"}}
[debug] [2020-10-19T01:44:26.953Z] [worker-api-f3633dab-5f17-4964-8f86-9df4ffacd97f]: IDLE {"metadata":{"emulator":{"name":"functions"},"message":"[worker-api-f3633dab-5f17-4964-8f86-9df4ffacd97f]: IDLE"}}
[debug] [2020-10-19T01:44:26.953Z] [work-queue] {"queueLength":0,"workRunningCount":0}
[debug] [2020-10-19T01:46:04.029Z] [work-queue] {"queueLength":1,"workRunningCount":0}
[debug] [2020-10-19T01:46:04.029Z] [work-queue] {"queueLength":0,"workRunningCount":1}
[debug] [2020-10-19T01:46:04.030Z] Accepted request GET /firebase-vuejs-serverless/us-central1/api/products --> api
[debug] [2020-10-19T01:46:04.030Z] [worker-pool] submitWork(triggerId=api) {"metadata":{"emulator":{"name":"functions"},"message":"[worker-pool] submitWork(triggerId=api)"}}
[debug] [2020-10-19T01:46:04.030Z] [worker-api-f3633dab-5f17-4964-8f86-9df4ffacd97f]: Assigning socketPath: /tmp/fire_emu_13184.sock {"metadata":{"emulator":{"name":"functions"},"message":"[worker-api-f3633dab-5f17-4964-8f86-9df4ffacd97f]: Assigning socketPath: /tmp/fire_emu_13184.sock"}}
[debug] [2020-10-19T01:46:04.030Z] [worker-api-f3633dab-5f17-4964-8f86-9df4ffacd97f]: BUSY {"metadata":{"emulator":{"name":"functions"},"message":"[worker-api-f3633dab-5f17-4964-8f86-9df4ffacd97f]: BUSY"}}
[debug] [2020-10-19T01:46:04.031Z] [runtime-status] [13184] Trigger "api" has been found, beginning invocation! {"metadata":{"emulator":{"name":"functions"},"function":{"name":"api"},"message":"[runtime-status] [13184] Trigger \"api\" has been found, beginning invocation!"}}
[info] i  functions: Beginning execution of "api" {"metadata":{"emulator":{"name":"functions"},"function":{"name":"api"},"message":"Beginning execution of \"api\""}}
[debug] [2020-10-19T01:46:04.032Z] [runtime-status] [13184] triggerDefinition {"httpsTrigger":{},"name":"api","entryPoint":"api"} {"metadata":{"emulator":{"name":"functions"},"function":{"name":"api"},"message":"[runtime-status] [13184] triggerDefinition {\"httpsTrigger\":{},\"name\":\"api\",\"entryPoint\":\"api\"}"}}
[debug] [2020-10-19T01:46:04.032Z] [runtime-status] [13184] Running api in mode HTTPS {"metadata":{"emulator":{"name":"functions"},"function":{"name":"api"},"message":"[runtime-status] [13184] Running api in mode HTTPS"}}
[debug] [2020-10-19T01:46:04.033Z] [runtime-status] [13184] Attempting to listen to socketPath: /tmp/fire_emu_13184.sock {"metadata":{"emulator":{"name":"functions"},"function":{"name":"api"},"message":"[runtime-status] [13184] Attempting to listen to socketPath: /tmp/fire_emu_13184.sock"}}
[debug] [2020-10-19T01:46:04.033Z] [functions] Runtime ready! Sending request! {"metadata":{"emulator":{"name":"functions"},"message":"[functions] Runtime ready! Sending request!"}}
[debug] [2020-10-19T01:46:04.038Z] [runtime-status] [13184] Ephemeral server handling GET request {"metadata":{"emulator":{"name":"functions"},"function":{"name":"api"},"message":"[runtime-status] [13184] Ephemeral server handling GET request"}}
[debug] [2020-10-19T01:46:04.039Z] [runtime-status] [13184] Ephemeral server survived. {"metadata":{"emulator":{"name":"functions"},"function":{"name":"api"},"message":"[runtime-status] [13184] Ephemeral server survived."}}
[info] i  functions: Finished "api" in ~1s {"metadata":{"emulator":{"name":"functions"},"function":{"name":"api"},"message":"Finished \"api\" in ~1s"}}
[debug] [2020-10-19T01:46:04.285Z] [worker-api-f3633dab-5f17-4964-8f86-9df4ffacd97f]: IDLE {"metadata":{"emulator":{"name":"functions"},"message":"[worker-api-f3633dab-5f17-4964-8f86-9df4ffacd97f]: IDLE"}}
[debug] [2020-10-19T01:46:04.286Z] [work-queue] {"queueLength":0,"workRunningCount":0}
[debug] [2020-10-19T01:46:46.005Z] [work-queue] {"queueLength":1,"workRunningCount":0}
[debug] [2020-10-19T01:46:46.005Z] [work-queue] {"queueLength":0,"workRunningCount":1}
[debug] [2020-10-19T01:46:46.005Z] Accepted request GET /firebase-vuejs-serverless/us-central1/api/products --> api
[debug] [2020-10-19T01:46:46.005Z] [worker-pool] submitWork(triggerId=api) {"metadata":{"emulator":{"name":"functions"},"message":"[worker-pool] submitWork(triggerId=api)"}}
[debug] [2020-10-19T01:46:46.005Z] [worker-api-f3633dab-5f17-4964-8f86-9df4ffacd97f]: Assigning socketPath: /tmp/fire_emu_13184.sock {"metadata":{"emulator":{"name":"functions"},"message":"[worker-api-f3633dab-5f17-4964-8f86-9df4ffacd97f]: Assigning socketPath: /tmp/fire_emu_13184.sock"}}
[debug] [2020-10-19T01:46:46.008Z] [worker-api-f3633dab-5f17-4964-8f86-9df4ffacd97f]: BUSY {"metadata":{"emulator":{"name":"functions"},"message":"[worker-api-f3633dab-5f17-4964-8f86-9df4ffacd97f]: BUSY"}}
[debug] [2020-10-19T01:46:46.010Z] [runtime-status] [13184] Trigger "api" has been found, beginning invocation! {"metadata":{"emulator":{"name":"functions"},"function":{"name":"api"},"message":"[runtime-status] [13184] Trigger \"api\" has been found, beginning invocation!"}}
[info] i  functions: Beginning execution of "api" {"metadata":{"emulator":{"name":"functions"},"function":{"name":"api"},"message":"Beginning execution of \"api\""}}
[debug] [2020-10-19T01:46:46.013Z] [runtime-status] [13184] triggerDefinition {"httpsTrigger":{},"name":"api","entryPoint":"api"} {"metadata":{"emulator":{"name":"functions"},"function":{"name":"api"},"message":"[runtime-status] [13184] triggerDefinition {\"httpsTrigger\":{},\"name\":\"api\",\"entryPoint\":\"api\"}"}}
[debug] [2020-10-19T01:46:46.013Z] [runtime-status] [13184] Running api in mode HTTPS {"metadata":{"emulator":{"name":"functions"},"function":{"name":"api"},"message":"[runtime-status] [13184] Running api in mode HTTPS"}}
[debug] [2020-10-19T01:46:46.013Z] [runtime-status] [13184] Attempting to listen to socketPath: /tmp/fire_emu_13184.sock {"metadata":{"emulator":{"name":"functions"},"function":{"name":"api"},"message":"[runtime-status] [13184] Attempting to listen to socketPath: /tmp/fire_emu_13184.sock"}}
[debug] [2020-10-19T01:46:46.015Z] [functions] Runtime ready! Sending request! {"metadata":{"emulator":{"name":"functions"},"message":"[functions] Runtime ready! Sending request!"}}
[debug] [2020-10-19T01:46:46.016Z] [runtime-status] [13184] Ephemeral server handling GET request {"metadata":{"emulator":{"name":"functions"},"function":{"name":"api"},"message":"[runtime-status] [13184] Ephemeral server handling GET request"}}
[debug] [2020-10-19T01:46:46.018Z] [runtime-status] [13184] Ephemeral server survived. {"metadata":{"emulator":{"name":"functions"},"function":{"name":"api"},"message":"[runtime-status] [13184] Ephemeral server survived."}}
[info] i  functions: Finished "api" in ~1s {"metadata":{"emulator":{"name":"functions"},"function":{"name":"api"},"message":"Finished \"api\" in ~1s"}}
[debug] [2020-10-19T01:46:46.170Z] [worker-api-f3633dab-5f17-4964-8f86-9df4ffacd97f]: IDLE {"metadata":{"emulator":{"name":"functions"},"message":"[worker-api-f3633dab-5f17-4964-8f86-9df4ffacd97f]: IDLE"}}
[debug] [2020-10-19T01:46:46.171Z] [work-queue] {"queueLength":0,"workRunningCount":0}
[debug] [2020-10-19T01:47:20.841Z] [work-queue] {"queueLength":1,"workRunningCount":0}
[debug] [2020-10-19T01:47:20.841Z] [work-queue] {"queueLength":0,"workRunningCount":1}
[debug] [2020-10-19T01:47:20.841Z] Accepted request GET /firebase-vuejs-serverless/us-central1/api/products --> api
[debug] [2020-10-19T01:47:20.841Z] [worker-pool] submitWork(triggerId=api) {"metadata":{"emulator":{"name":"functions"},"message":"[worker-pool] submitWork(triggerId=api)"}}
[debug] [2020-10-19T01:47:20.841Z] [worker-api-f3633dab-5f17-4964-8f86-9df4ffacd97f]: Assigning socketPath: /tmp/fire_emu_13184.sock {"metadata":{"emulator":{"name":"functions"},"message":"[worker-api-f3633dab-5f17-4964-8f86-9df4ffacd97f]: Assigning socketPath: /tmp/fire_emu_13184.sock"}}
[debug] [2020-10-19T01:47:20.841Z] [worker-api-f3633dab-5f17-4964-8f86-9df4ffacd97f]: BUSY {"metadata":{"emulator":{"name":"functions"},"message":"[worker-api-f3633dab-5f17-4964-8f86-9df4ffacd97f]: BUSY"}}
[debug] [2020-10-19T01:47:20.847Z] [runtime-status] [13184] Trigger "api" has been found, beginning invocation! {"metadata":{"emulator":{"name":"functions"},"function":{"name":"api"},"message":"[runtime-status] [13184] Trigger \"api\" has been found, beginning invocation!"}}
[info] i  functions: Beginning execution of "api" {"metadata":{"emulator":{"name":"functions"},"function":{"name":"api"},"message":"Beginning execution of \"api\""}}
[debug] [2020-10-19T01:47:20.848Z] [runtime-status] [13184] triggerDefinition {"httpsTrigger":{},"name":"api","entryPoint":"api"} {"metadata":{"emulator":{"name":"functions"},"function":{"name":"api"},"message":"[runtime-status] [13184] triggerDefinition {\"httpsTrigger\":{},\"name\":\"api\",\"entryPoint\":\"api\"}"}}
[debug] [2020-10-19T01:47:20.848Z] [runtime-status] [13184] Running api in mode HTTPS {"metadata":{"emulator":{"name":"functions"},"function":{"name":"api"},"message":"[runtime-status] [13184] Running api in mode HTTPS"}}
[debug] [2020-10-19T01:47:20.848Z] [runtime-status] [13184] Attempting to listen to socketPath: /tmp/fire_emu_13184.sock {"metadata":{"emulator":{"name":"functions"},"function":{"name":"api"},"message":"[runtime-status] [13184] Attempting to listen to socketPath: /tmp/fire_emu_13184.sock"}}
[debug] [2020-10-19T01:47:20.849Z] [functions] Runtime ready! Sending request! {"metadata":{"emulator":{"name":"functions"},"message":"[functions] Runtime ready! Sending request!"}}
[debug] [2020-10-19T01:47:20.865Z] [runtime-status] [13184] Ephemeral server handling GET request {"metadata":{"emulator":{"name":"functions"},"function":{"name":"api"},"message":"[runtime-status] [13184] Ephemeral server handling GET request"}}
[debug] [2020-10-19T01:47:20.865Z] [runtime-status] [13184] Ephemeral server survived. {"metadata":{"emulator":{"name":"functions"},"function":{"name":"api"},"message":"[runtime-status] [13184] Ephemeral server survived."}}
[info] i  functions: Finished "api" in ~1s {"metadata":{"emulator":{"name":"functions"},"function":{"name":"api"},"message":"Finished \"api\" in ~1s"}}
[debug] [2020-10-19T01:47:21.098Z] [worker-api-f3633dab-5f17-4964-8f86-9df4ffacd97f]: IDLE {"metadata":{"emulator":{"name":"functions"},"message":"[worker-api-f3633dab-5f17-4964-8f86-9df4ffacd97f]: IDLE"}}
[debug] [2020-10-19T01:47:21.098Z] [work-queue] {"queueLength":0,"workRunningCount":0}
[debug] [2020-10-19T01:48:50.664Z] [work-queue] {"queueLength":1,"workRunningCount":0}
[debug] [2020-10-19T01:48:50.665Z] [work-queue] {"queueLength":0,"workRunningCount":1}
[debug] [2020-10-19T01:48:50.665Z] Accepted request GET /firebase-vuejs-serverless/us-central1/api/products --> api
[debug] [2020-10-19T01:48:50.665Z] [worker-pool] submitWork(triggerId=api) {"metadata":{"emulator":{"name":"functions"},"message":"[worker-pool] submitWork(triggerId=api)"}}
[debug] [2020-10-19T01:48:50.665Z] [worker-api-f3633dab-5f17-4964-8f86-9df4ffacd97f]: Assigning socketPath: /tmp/fire_emu_13184.sock {"metadata":{"emulator":{"name":"functions"},"message":"[worker-api-f3633dab-5f17-4964-8f86-9df4ffacd97f]: Assigning socketPath: /tmp/fire_emu_13184.sock"}}
[debug] [2020-10-19T01:48:50.665Z] [worker-api-f3633dab-5f17-4964-8f86-9df4ffacd97f]: BUSY {"metadata":{"emulator":{"name":"functions"},"message":"[worker-api-f3633dab-5f17-4964-8f86-9df4ffacd97f]: BUSY"}}
[debug] [2020-10-19T01:48:50.670Z] [runtime-status] [13184] Trigger "api" has been found, beginning invocation! {"metadata":{"emulator":{"name":"functions"},"function":{"name":"api"},"message":"[runtime-status] [13184] Trigger \"api\" has been found, beginning invocation!"}}
[info] i  functions: Beginning execution of "api" {"metadata":{"emulator":{"name":"functions"},"function":{"name":"api"},"message":"Beginning execution of \"api\""}}
[debug] [2020-10-19T01:48:50.671Z] [runtime-status] [13184] triggerDefinition {"httpsTrigger":{},"name":"api","entryPoint":"api"} {"metadata":{"emulator":{"name":"functions"},"function":{"name":"api"},"message":"[runtime-status] [13184] triggerDefinition {\"httpsTrigger\":{},\"name\":\"api\",\"entryPoint\":\"api\"}"}}
[debug] [2020-10-19T01:48:50.671Z] [runtime-status] [13184] Running api in mode HTTPS {"metadata":{"emulator":{"name":"functions"},"function":{"name":"api"},"message":"[runtime-status] [13184] Running api in mode HTTPS"}}
[debug] [2020-10-19T01:48:50.671Z] [runtime-status] [13184] Attempting to listen to socketPath: /tmp/fire_emu_13184.sock {"metadata":{"emulator":{"name":"functions"},"function":{"name":"api"},"message":"[runtime-status] [13184] Attempting to listen to socketPath: /tmp/fire_emu_13184.sock"}}
[debug] [2020-10-19T01:48:50.672Z] [functions] Runtime ready! Sending request! {"metadata":{"emulator":{"name":"functions"},"message":"[functions] Runtime ready! Sending request!"}}
[debug] [2020-10-19T01:48:50.677Z] [runtime-status] [13184] Ephemeral server handling GET request {"metadata":{"emulator":{"name":"functions"},"function":{"name":"api"},"message":"[runtime-status] [13184] Ephemeral server handling GET request"}}
[debug] [2020-10-19T01:48:50.677Z] [runtime-status] [13184] Ephemeral server survived. {"metadata":{"emulator":{"name":"functions"},"function":{"name":"api"},"message":"[runtime-status] [13184] Ephemeral server survived."}}
[info] i  functions: Finished "api" in ~1s {"metadata":{"emulator":{"name":"functions"},"function":{"name":"api"},"message":"Finished \"api\" in ~1s"}}
[debug] [2020-10-19T01:48:51.020Z] [worker-api-f3633dab-5f17-4964-8f86-9df4ffacd97f]: IDLE {"metadata":{"emulator":{"name":"functions"},"message":"[worker-api-f3633dab-5f17-4964-8f86-9df4ffacd97f]: IDLE"}}
[debug] [2020-10-19T01:48:51.020Z] [work-queue] {"queueLength":0,"workRunningCount":0}
[debug] [2020-10-19T01:49:23.066Z] [work-queue] {"queueLength":1,"workRunningCount":0}
[debug] [2020-10-19T01:49:23.066Z] [work-queue] {"queueLength":0,"workRunningCount":1}
[debug] [2020-10-19T01:49:23.066Z] Accepted request GET /firebase-vuejs-serverless/us-central1/api/products --> api
[debug] [2020-10-19T01:49:23.067Z] [worker-pool] submitWork(triggerId=api) {"metadata":{"emulator":{"name":"functions"},"message":"[worker-pool] submitWork(triggerId=api)"}}
[debug] [2020-10-19T01:49:23.067Z] [worker-api-f3633dab-5f17-4964-8f86-9df4ffacd97f]: Assigning socketPath: /tmp/fire_emu_13184.sock {"metadata":{"emulator":{"name":"functions"},"message":"[worker-api-f3633dab-5f17-4964-8f86-9df4ffacd97f]: Assigning socketPath: /tmp/fire_emu_13184.sock"}}
[debug] [2020-10-19T01:49:23.067Z] [worker-api-f3633dab-5f17-4964-8f86-9df4ffacd97f]: BUSY {"metadata":{"emulator":{"name":"functions"},"message":"[worker-api-f3633dab-5f17-4964-8f86-9df4ffacd97f]: BUSY"}}
[debug] [2020-10-19T01:49:23.067Z] [runtime-status] [13184] Trigger "api" has been found, beginning invocation! {"metadata":{"emulator":{"name":"functions"},"function":{"name":"api"},"message":"[runtime-status] [13184] Trigger \"api\" has been found, beginning invocation!"}}
[info] i  functions: Beginning execution of "api" {"metadata":{"emulator":{"name":"functions"},"function":{"name":"api"},"message":"Beginning execution of \"api\""}}
[debug] [2020-10-19T01:49:23.069Z] [runtime-status] [13184] triggerDefinition {"httpsTrigger":{},"name":"api","entryPoint":"api"} {"metadata":{"emulator":{"name":"functions"},"function":{"name":"api"},"message":"[runtime-status] [13184] triggerDefinition {\"httpsTrigger\":{},\"name\":\"api\",\"entryPoint\":\"api\"}"}}
[debug] [2020-10-19T01:49:23.069Z] [runtime-status] [13184] Running api in mode HTTPS {"metadata":{"emulator":{"name":"functions"},"function":{"name":"api"},"message":"[runtime-status] [13184] Running api in mode HTTPS"}}
[debug] [2020-10-19T01:49:23.070Z] [runtime-status] [13184] Attempting to listen to socketPath: /tmp/fire_emu_13184.sock {"metadata":{"emulator":{"name":"functions"},"function":{"name":"api"},"message":"[runtime-status] [13184] Attempting to listen to socketPath: /tmp/fire_emu_13184.sock"}}
[debug] [2020-10-19T01:49:23.070Z] [functions] Runtime ready! Sending request! {"metadata":{"emulator":{"name":"functions"},"message":"[functions] Runtime ready! Sending request!"}}
[debug] [2020-10-19T01:49:23.077Z] [runtime-status] [13184] Ephemeral server handling GET request {"metadata":{"emulator":{"name":"functions"},"function":{"name":"api"},"message":"[runtime-status] [13184] Ephemeral server handling GET request"}}
[debug] [2020-10-19T01:49:23.077Z] [runtime-status] [13184] Ephemeral server survived. {"metadata":{"emulator":{"name":"functions"},"function":{"name":"api"},"message":"[runtime-status] [13184] Ephemeral server survived."}}
[info] i  functions: Finished "api" in ~1s {"metadata":{"emulator":{"name":"functions"},"function":{"name":"api"},"message":"Finished \"api\" in ~1s"}}
[debug] [2020-10-19T01:49:23.128Z] [worker-api-f3633dab-5f17-4964-8f86-9df4ffacd97f]: IDLE {"metadata":{"emulator":{"name":"functions"},"message":"[worker-api-f3633dab-5f17-4964-8f86-9df4ffacd97f]: IDLE"}}
[debug] [2020-10-19T01:49:23.129Z] [work-queue] {"queueLength":0,"workRunningCount":0}
